mode: set
eregen.dev/admin-api/internal/middleware/auth.go:28.84,30.2 1 1
eregen.dev/admin-api/internal/middleware/auth.go:32.53,33.30 1 1
eregen.dev/admin-api/internal/middleware/auth.go:33.30,35.23 2 1
eregen.dev/admin-api/internal/middleware/auth.go:35.23,38.4 2 1
eregen.dev/admin-api/internal/middleware/auth.go:40.3,41.63 2 1
eregen.dev/admin-api/internal/middleware/auth.go:41.63,44.4 2 0
eregen.dev/admin-api/internal/middleware/auth.go:46.3,48.17 3 1
eregen.dev/admin-api/internal/middleware/auth.go:48.17,52.4 3 1
eregen.dev/admin-api/internal/middleware/auth.go:55.3,55.29 1 1
eregen.dev/admin-api/internal/middleware/auth.go:55.29,57.4 1 0
eregen.dev/admin-api/internal/middleware/auth.go:59.3,62.114 3 1
eregen.dev/admin-api/internal/middleware/auth.go:62.114,64.4 1 1
eregen.dev/admin-api/internal/middleware/auth.go:66.3,66.11 1 1
eregen.dev/admin-api/internal/middleware/auth.go:70.50,71.30 1 0
eregen.dev/admin-api/internal/middleware/auth.go:71.30,73.14 2 0
eregen.dev/admin-api/internal/middleware/auth.go:73.14,76.4 2 0
eregen.dev/admin-api/internal/middleware/auth.go:77.3,77.11 1 0
eregen.dev/admin-api/internal/middleware/auth.go:81.64,91.9 3 0
eregen.dev/admin-api/internal/middleware/auth.go:91.9,92.31 1 0
eregen.dev/admin-api/internal/middleware/auth.go:92.31,92.43 1 0
eregen.dev/admin-api/internal/middleware/auth.go:95.2,95.30 1 0
eregen.dev/admin-api/internal/middleware/auth.go:95.30,97.14 2 0
eregen.dev/admin-api/internal/middleware/auth.go:97.14,100.4 2 0
eregen.dev/admin-api/internal/middleware/auth.go:101.3,102.10 2 0
eregen.dev/admin-api/internal/middleware/auth.go:102.10,106.4 3 0
eregen.dev/admin-api/internal/middleware/auth.go:108.3,109.34 2 0
eregen.dev/admin-api/internal/middleware/auth.go:109.34,113.4 3 0
eregen.dev/admin-api/internal/middleware/auth.go:115.3,115.11 1 0
eregen.dev/admin-api/internal/middleware/auth.go:119.69,121.2 1 0
eregen.dev/admin-api/internal/middleware/auth.go:134.63,135.30 1 1
eregen.dev/admin-api/internal/middleware/auth.go:135.30,137.14 2 1
eregen.dev/admin-api/internal/middleware/auth.go:137.14,140.4 2 0
eregen.dev/admin-api/internal/middleware/auth.go:141.3,142.10 2 1
eregen.dev/admin-api/internal/middleware/auth.go:142.10,145.4 2 0
eregen.dev/admin-api/internal/middleware/auth.go:146.3,147.10 2 1
eregen.dev/admin-api/internal/middleware/auth.go:147.10,150.4 2 1
eregen.dev/admin-api/internal/middleware/auth.go:151.3,152.29 2 1
eregen.dev/admin-api/internal/middleware/auth.go:152.29,153.18 1 1
eregen.dev/admin-api/internal/middleware/auth.go:153.18,155.10 2 1
eregen.dev/admin-api/internal/middleware/auth.go:158.3,158.17 1 1
eregen.dev/admin-api/internal/middleware/auth.go:158.17,162.4 3 1
eregen.dev/admin-api/internal/middleware/auth.go:163.3,163.11 1 1
eregen.dev/admin-api/internal/middleware/ratelimit.go:22.55,33.2 4 0
eregen.dev/admin-api/internal/middleware/ratelimit.go:35.57,36.30 1 0
eregen.dev/admin-api/internal/middleware/ratelimit.go:36.30,39.41 3 0
eregen.dev/admin-api/internal/middleware/ratelimit.go:39.41,41.4 1 0
eregen.dev/admin-api/internal/middleware/ratelimit.go:42.3,58.17 12 0
eregen.dev/admin-api/internal/middleware/ratelimit.go:58.17,62.4 3 0
eregen.dev/admin-api/internal/middleware/ratelimit.go:63.3,63.23 1 0
eregen.dev/admin-api/internal/middleware/ratelimit.go:63.23,67.4 3 0
eregen.dev/admin-api/internal/middleware/ratelimit.go:68.3,68.11 1 0
eregen.dev/admin-api/internal/middleware/ratelimit.go:72.42,73.34 1 0
eregen.dev/admin-api/internal/middleware/ratelimit.go:73.34,75.3 1 0
eregen.dev/admin-api/internal/middleware/ratelimit.go:76.2,76.17 1 0
eregen.dev/admin-api/internal/service/audit.go:40.69,45.2 1 0
eregen.dev/admin-api/internal/service/audit.go:48.180,61.59 2 0
eregen.dev/admin-api/internal/service/audit.go:61.59,63.3 1 0
eregen.dev/admin-api/internal/service/audit.go:65.2,70.3 1 0
eregen.dev/admin-api/internal/service/audit.go:74.62,75.31 1 0
eregen.dev/admin-api/internal/service/audit.go:75.31,77.3 1 0
eregen.dev/admin-api/internal/service/audit.go:78.2,79.16 2 0
eregen.dev/admin-api/internal/service/audit.go:79.16,82.3 2 0
eregen.dev/admin-api/internal/service/audit.go:83.2,83.16 1 0
eregen.dev/admin-api/internal/service/audit.go:87.83,88.31 1 0
eregen.dev/admin-api/internal/service/audit.go:88.31,90.3 1 0
eregen.dev/admin-api/internal/service/audit.go:91.2,92.16 2 0
eregen.dev/admin-api/internal/service/audit.go:92.16,95.3 2 0
eregen.dev/admin-api/internal/service/audit.go:96.2,96.16 1 0
eregen.dev/admin-api/internal/service/audit.go:100.90,101.31 1 0
eregen.dev/admin-api/internal/service/audit.go:101.31,103.3 1 0
eregen.dev/admin-api/internal/service/audit.go:104.2,105.16 2 0
eregen.dev/admin-api/internal/service/audit.go:105.16,108.3 2 0
eregen.dev/admin-api/internal/service/audit.go:109.2,109.16 1 0
eregen.dev/admin-api/internal/service/minzheng_import.go:27.77,31.16 4 0
eregen.dev/admin-api/internal/service/minzheng_import.go:31.16,33.3 1 0
eregen.dev/admin-api/internal/service/minzheng_import.go:34.2,34.22 1 0
eregen.dev/admin-api/internal/service/minzheng_import.go:34.22,36.3 1 0
eregen.dev/admin-api/internal/service/minzheng_import.go:37.2,39.37 3 0
eregen.dev/admin-api/internal/service/minzheng_import.go:39.37,40.34 1 0
eregen.dev/admin-api/internal/service/minzheng_import.go:40.34,41.12 1 0
eregen.dev/admin-api/internal/service/minzheng_import.go:43.3,44.29 2 0
eregen.dev/admin-api/internal/service/minzheng_import.go:44.29,46.4 1 0
eregen.dev/admin-api/internal/service/minzheng_import.go:47.3,47.27 1 0
eregen.dev/admin-api/internal/service/minzheng_import.go:49.2,49.18 1 0
eregen.dev/admin-api/internal/service/minzheng_import.go:52.67,54.33 2 0
eregen.dev/admin-api/internal/service/minzheng_import.go:54.33,55.23 1 0
eregen.dev/admin-api/internal/service/minzheng_import.go:55.23,57.4 1 0
eregen.dev/admin-api/internal/service/minzheng_import.go:59.2,59.12 1 0
eregen.dev/admin-api/internal/service/minzheng_import.go:62.84,64.42 2 0
eregen.dev/admin-api/internal/service/minzheng_import.go:65.18,66.13 1 0
eregen.dev/admin-api/internal/service/minzheng_import.go:67.18,68.13 1 0
eregen.dev/admin-api/internal/service/minzheng_import.go:69.10,70.13 1 0
eregen.dev/admin-api/internal/service/minzheng_import.go:72.2,73.30 2 0
eregen.dev/admin-api/internal/service/minzheng_import.go:73.30,75.3 1 0
eregen.dev/admin-api/internal/service/minzheng_import.go:76.2,77.44 2 0
eregen.dev/admin-api/internal/service/minzheng_import.go:77.44,79.3 1 0
eregen.dev/admin-api/internal/service/minzheng_import.go:80.2,81.39 2 0
eregen.dev/admin-api/internal/service/minzheng_import.go:81.39,83.3 1 0
eregen.dev/admin-api/internal/service/minzheng_import.go:84.2,95.3 1 0
eregen.dev/admin-api/internal/service/minzheng_import.go:103.82,105.2 1 0
eregen.dev/admin-api/internal/service/minzheng_import.go:107.72,109.2 1 0
eregen.dev/admin-api/internal/service/minzheng_import.go:111.89,113.2 1 0
eregen.dev/admin-api/internal/service/rule_engine.go:20.64,22.2 1 0
eregen.dev/admin-api/internal/service/rule_engine.go:25.28,29.21 4 0
eregen.dev/admin-api/internal/service/rule_engine.go:29.21,47.3 17 0
eregen.dev/admin-api/internal/service/rule_engine.go:51.38,53.16 2 0
eregen.dev/admin-api/internal/service/rule_engine.go:53.16,56.3 2 0
eregen.dev/admin-api/internal/service/rule_engine.go:57.2,58.16 2 0
eregen.dev/admin-api/internal/service/rule_engine.go:58.16,61.3 2 0
eregen.dev/admin-api/internal/service/rule_engine.go:62.2,63.34 2 0
eregen.dev/admin-api/internal/service/rule_engine.go:63.34,64.38 1 0
eregen.dev/admin-api/internal/service/rule_engine.go:64.38,66.4 1 0
eregen.dev/admin-api/internal/service/rule_engine.go:68.2,68.29 1 0
eregen.dev/admin-api/internal/service/rule_engine.go:68.29,69.21 1 0
eregen.dev/admin-api/internal/service/rule_engine.go:69.21,70.12 1 0
eregen.dev/admin-api/internal/service/rule_engine.go:72.3,82.84 3 0
eregen.dev/admin-api/internal/service/rule_engine.go:87.44,89.16 2 0
eregen.dev/admin-api/internal/service/rule_engine.go:89.16,92.3 2 0
eregen.dev/admin-api/internal/service/rule_engine.go:93.2,93.27 1 0
eregen.dev/admin-api/internal/service/rule_engine.go:93.27,94.46 1 0
eregen.dev/admin-api/internal/service/rule_engine.go:94.46,103.4 2 0
eregen.dev/admin-api/internal/service/rule_engine.go:108.43,110.16 2 0
eregen.dev/admin-api/internal/service/rule_engine.go:110.16,113.3 2 0
eregen.dev/admin-api/internal/service/rule_engine.go:114.2,114.29 1 0
eregen.dev/admin-api/internal/service/rule_engine.go:114.29,116.51 2 0
eregen.dev/admin-api/internal/service/rule_engine.go:116.51,126.4 3 0
eregen.dev/admin-api/internal/service/rule_engine.go:131.42,137.16 6 0
eregen.dev/admin-api/internal/service/rule_engine.go:137.16,140.3 2 0
eregen.dev/admin-api/internal/service/rule_engine.go:141.2,141.29 1 0
eregen.dev/admin-api/internal/service/rule_engine.go:141.29,143.17 2 0
eregen.dev/admin-api/internal/service/rule_engine.go:143.17,144.12 1 0
eregen.dev/admin-api/internal/service/rule_engine.go:146.3,147.32 2 0
eregen.dev/admin-api/internal/service/rule_engine.go:147.32,149.24 2 0
eregen.dev/admin-api/internal/service/rule_engine.go:149.24,151.5 1 0
eregen.dev/admin-api/internal/service/rule_engine.go:152.4,152.28 1 0
eregen.dev/admin-api/internal/service/rule_engine.go:152.28,154.5 1 0
eregen.dev/admin-api/internal/service/rule_engine.go:156.3,156.66 1 0
eregen.dev/admin-api/internal/service/rule_engine.go:156.66,166.4 3 0
eregen.dev/admin-api/internal/service/rule_engine.go:171.47,174.16 3 0
eregen.dev/admin-api/internal/service/rule_engine.go:174.16,177.3 2 0
eregen.dev/admin-api/internal/service/rule_engine.go:178.2,179.16 2 0
eregen.dev/admin-api/internal/service/rule_engine.go:179.16,182.3 2 0
eregen.dev/admin-api/internal/service/rule_engine.go:184.2,186.34 3 0
eregen.dev/admin-api/internal/service/rule_engine.go:186.34,187.80 1 0
eregen.dev/admin-api/internal/service/rule_engine.go:187.80,189.4 1 0
eregen.dev/admin-api/internal/service/rule_engine.go:191.2,191.29 1 0
eregen.dev/admin-api/internal/service/rule_engine.go:191.29,193.17 2 0
eregen.dev/admin-api/internal/service/rule_engine.go:193.17,194.12 1 0
eregen.dev/admin-api/internal/service/rule_engine.go:196.3,196.42 1 0
eregen.dev/admin-api/internal/service/rule_engine.go:196.42,206.4 3 0
eregen.dev/admin-api/internal/service/rule_engine.go:211.46,214.16 3 0
eregen.dev/admin-api/internal/service/rule_engine.go:214.16,217.3 2 0
eregen.dev/admin-api/internal/service/rule_engine.go:218.2,219.29 2 0
eregen.dev/admin-api/internal/service/rule_engine.go:219.29,221.51 2 0
eregen.dev/admin-api/internal/service/rule_engine.go:221.51,222.12 1 0
eregen.dev/admin-api/internal/service/rule_engine.go:224.3,225.46 2 0
eregen.dev/admin-api/internal/service/rule_engine.go:225.46,226.62 1 0
eregen.dev/admin-api/internal/service/rule_engine.go:226.62,227.97 1 0
eregen.dev/admin-api/internal/service/rule_engine.go:227.97,229.6 1 0
eregen.dev/admin-api/internal/service/rule_engine.go:232.3,232.24 1 0
eregen.dev/admin-api/internal/service/rule_engine.go:232.24,242.4 3 0
eregen.dev/admin-api/internal/service/rule_engine.go:247.46,251.16 4 0
eregen.dev/admin-api/internal/service/rule_engine.go:251.16,254.3 2 0
eregen.dev/admin-api/internal/service/rule_engine.go:255.2,256.28 2 0
eregen.dev/admin-api/internal/service/rule_engine.go:256.28,257.27 1 0
eregen.dev/admin-api/internal/service/rule_engine.go:257.27,258.12 1 0
eregen.dev/admin-api/internal/service/rule_engine.go:260.3,261.46 2 0
eregen.dev/admin-api/internal/service/rule_engine.go:261.46,265.4 1 0
eregen.dev/admin-api/internal/service/rule_engine.go:270.45,273.16 3 0
eregen.dev/admin-api/internal/service/rule_engine.go:273.16,276.3 2 0
eregen.dev/admin-api/internal/service/rule_engine.go:277.2,278.29 2 0
eregen.dev/admin-api/internal/service/rule_engine.go:278.29,279.67 1 0
eregen.dev/admin-api/internal/service/rule_engine.go:279.67,292.4 3 0
eregen.dev/admin-api/internal/service/rule_engine.go:297.48,300.16 3 0
eregen.dev/admin-api/internal/service/rule_engine.go:300.16,303.3 2 0
eregen.dev/admin-api/internal/service/rule_engine.go:304.2,305.31 2 0
eregen.dev/admin-api/internal/service/rule_engine.go:305.31,307.17 2 0
eregen.dev/admin-api/internal/service/rule_engine.go:307.17,308.12 1 0
eregen.dev/admin-api/internal/service/rule_engine.go:311.3,312.29 2 0
eregen.dev/admin-api/internal/service/rule_engine.go:312.29,314.4 1 0
eregen.dev/admin-api/internal/service/rule_engine.go:315.3,315.25 1 0
eregen.dev/admin-api/internal/service/rule_engine.go:315.25,319.4 1 0
eregen.dev/admin-api/internal/service/rule_engine.go:324.55,328.16 3 0
eregen.dev/admin-api/internal/service/rule_engine.go:328.16,331.3 2 0
eregen.dev/admin-api/internal/service/rule_engine.go:332.2,333.31 2 0
eregen.dev/admin-api/internal/service/rule_engine.go:333.31,335.17 2 0
eregen.dev/admin-api/internal/service/rule_engine.go:335.17,336.12 1 0
eregen.dev/admin-api/internal/service/rule_engine.go:338.3,338.24 1 0
eregen.dev/admin-api/internal/service/rule_engine.go:338.24,339.12 1 0
eregen.dev/admin-api/internal/service/rule_engine.go:342.3,343.29 2 0
eregen.dev/admin-api/internal/service/rule_engine.go:343.29,345.4 1 0
eregen.dev/admin-api/internal/service/rule_engine.go:346.3,346.27 1 0
eregen.dev/admin-api/internal/service/rule_engine.go:346.27,350.4 1 0
eregen.dev/admin-api/internal/service/rule_engine.go:355.52,359.16 4 0
eregen.dev/admin-api/internal/service/rule_engine.go:359.16,362.3 2 0
eregen.dev/admin-api/internal/service/rule_engine.go:363.2,363.31 1 0
eregen.dev/admin-api/internal/service/rule_engine.go:363.31,365.17 2 0
eregen.dev/admin-api/internal/service/rule_engine.go:365.17,366.12 1 0
eregen.dev/admin-api/internal/service/rule_engine.go:368.3,369.17 2 0
eregen.dev/admin-api/internal/service/rule_engine.go:369.17,371.4 1 0
eregen.dev/admin-api/internal/service/rule_engine.go:372.3,375.29 4 0
eregen.dev/admin-api/internal/service/rule_engine.go:375.29,376.40 1 0
eregen.dev/admin-api/internal/service/rule_engine.go:376.40,378.5 1 0
eregen.dev/admin-api/internal/service/rule_engine.go:380.3,380.34 1 0
eregen.dev/admin-api/internal/service/rule_engine.go:380.34,381.42 1 0
eregen.dev/admin-api/internal/service/rule_engine.go:381.42,383.5 1 0
eregen.dev/admin-api/internal/service/rule_engine.go:385.3,385.23 1 0
eregen.dev/admin-api/internal/service/rule_engine.go:385.23,389.4 1 0
eregen.dev/admin-api/internal/service/rule_engine.go:394.45,398.16 4 0
eregen.dev/admin-api/internal/service/rule_engine.go:398.16,401.3 2 0
eregen.dev/admin-api/internal/service/rule_engine.go:402.2,402.31 1 0
eregen.dev/admin-api/internal/service/rule_engine.go:402.31,404.17 2 0
eregen.dev/admin-api/internal/service/rule_engine.go:404.17,405.12 1 0
eregen.dev/admin-api/internal/service/rule_engine.go:407.3,407.24 1 0
eregen.dev/admin-api/internal/service/rule_engine.go:407.24,411.12 2 0
eregen.dev/admin-api/internal/service/rule_engine.go:414.3,415.39 2 0
eregen.dev/admin-api/internal/service/rule_engine.go:415.39,419.4 1 0
eregen.dev/admin-api/internal/service/rule_engine.go:424.52,427.16 3 0
eregen.dev/admin-api/internal/service/rule_engine.go:427.16,430.3 2 0
eregen.dev/admin-api/internal/service/rule_engine.go:431.2,431.31 1 0
eregen.dev/admin-api/internal/service/rule_engine.go:431.31,433.42 2 0
eregen.dev/admin-api/internal/service/rule_engine.go:433.42,434.12 1 0
eregen.dev/admin-api/internal/service/rule_engine.go:436.3,436.35 1 0
eregen.dev/admin-api/internal/service/rule_engine.go:436.35,438.18 2 0
eregen.dev/admin-api/internal/service/rule_engine.go:438.18,439.13 1 0
eregen.dev/admin-api/internal/service/rule_engine.go:441.4,441.33 1 0
eregen.dev/admin-api/internal/service/rule_engine.go:441.33,442.58 1 0
eregen.dev/admin-api/internal/service/rule_engine.go:442.58,447.6 1 0
eregen.dev/admin-api/internal/service/rule_engine.go:454.52,457.16 3 0
eregen.dev/admin-api/internal/service/rule_engine.go:457.16,460.3 2 0
eregen.dev/admin-api/internal/service/rule_engine.go:461.2,461.33 1 0
eregen.dev/admin-api/internal/service/rule_engine.go:461.33,463.17 2 0
eregen.dev/admin-api/internal/service/rule_engine.go:463.17,464.12 1 0
eregen.dev/admin-api/internal/service/rule_engine.go:466.3,467.32 2 0
eregen.dev/admin-api/internal/service/rule_engine.go:467.32,469.18 2 0
eregen.dev/admin-api/internal/service/rule_engine.go:469.18,470.13 1 0
eregen.dev/admin-api/internal/service/rule_engine.go:472.4,472.35 1 0
eregen.dev/admin-api/internal/service/rule_engine.go:472.35,473.34 1 0
eregen.dev/admin-api/internal/service/rule_engine.go:473.34,474.32 1 0
eregen.dev/admin-api/internal/service/rule_engine.go:474.32,476.7 1 0
eregen.dev/admin-api/internal/service/rule_engine.go:480.3,480.27 1 0
eregen.dev/admin-api/internal/service/rule_engine.go:480.27,484.4 1 0
eregen.dev/admin-api/internal/service/rule_engine.go:489.53,492.16 3 0
eregen.dev/admin-api/internal/service/rule_engine.go:492.16,495.3 2 0
eregen.dev/admin-api/internal/service/rule_engine.go:496.2,497.31 2 0
eregen.dev/admin-api/internal/service/rule_engine.go:497.31,499.17 2 0
eregen.dev/admin-api/internal/service/rule_engine.go:499.17,500.12 1 0
eregen.dev/admin-api/internal/service/rule_engine.go:502.3,502.35 1 0
eregen.dev/admin-api/internal/service/rule_engine.go:502.35,503.48 1 0
eregen.dev/admin-api/internal/service/rule_engine.go:503.48,508.5 1 0
eregen.dev/admin-api/internal/service/rule_engine.go:514.44,517.16 3 0
eregen.dev/admin-api/internal/service/rule_engine.go:517.16,520.3 2 0
eregen.dev/admin-api/internal/service/rule_engine.go:521.2,521.31 1 0
eregen.dev/admin-api/internal/service/rule_engine.go:521.31,526.3 1 0
eregen.dev/admin-api/internal/service/rule_engine.go:532.76,539.2 6 1
eregen.dev/admin-api/internal/service/rule_engine.go:542.113,544.2 1 1
eregen.dev/admin-api/internal/service/rule_engine.go:547.138,550.30 3 0
eregen.dev/admin-api/internal/service/rule_engine.go:550.30,552.3 1 0
eregen.dev/admin-api/internal/service/rule_engine.go:553.2,553.55 1 0
eregen.dev/admin-api/internal/service/rule_engine.go:559.97,561.25 2 1
eregen.dev/admin-api/internal/service/rule_engine.go:561.25,567.3 1 1
eregen.dev/admin-api/internal/service/rule_engine.go:568.2,568.15 1 1
eregen.dev/admin-api/internal/service/rule_engine.go:571.95,573.29 2 1
eregen.dev/admin-api/internal/service/rule_engine.go:573.29,580.3 1 1
eregen.dev/admin-api/internal/service/rule_engine.go:581.2,581.15 1 1
eregen.dev/admin-api/cmd/main.go:22.13,28.26 5 0
eregen.dev/admin-api/cmd/main.go:29.18,31.33 2 0
eregen.dev/admin-api/cmd/main.go:32.10,34.17 2 0
eregen.dev/admin-api/cmd/main.go:34.17,36.4 1 0
eregen.dev/admin-api/cmd/main.go:37.3,37.31 1 0
eregen.dev/admin-api/cmd/main.go:39.2,42.41 2 0
eregen.dev/admin-api/cmd/main.go:42.41,44.3 1 0
eregen.dev/admin-api/cmd/main.go:46.2,59.12 5 0
eregen.dev/admin-api/cmd/main.go:59.12,61.77 2 0
eregen.dev/admin-api/cmd/main.go:61.77,63.4 1 0
eregen.dev/admin-api/cmd/main.go:66.2,73.42 7 0
eregen.dev/admin-api/cmd/main.go:73.42,75.3 1 0
eregen.dev/admin-api/cmd/main.go:76.2,76.30 1 0
eregen.dev/admin-api/cmd/main.go:81.37,85.16 3 0
eregen.dev/admin-api/cmd/main.go:85.16,87.3 1 0
eregen.dev/admin-api/cmd/main.go:88.2,88.15 1 0
eregen.dev/admin-api/cmd/main.go:88.15,91.3 2 0
eregen.dev/admin-api/cmd/main.go:93.2,102.49 4 0
eregen.dev/admin-api/cmd/main.go:102.49,104.3 1 0
eregen.dev/admin-api/cmd/main.go:107.2,114.49 4 0
eregen.dev/admin-api/cmd/main.go:114.49,116.3 1 0
eregen.dev/admin-api/cmd/main.go:118.2,123.49 2 0
eregen.dev/admin-api/cmd/main.go:123.49,125.3 1 0
eregen.dev/admin-api/cmd/main.go:127.2,132.49 2 0
eregen.dev/admin-api/cmd/main.go:132.49,134.3 1 0
eregen.dev/admin-api/cmd/main.go:137.2,145.49 5 0
eregen.dev/admin-api/cmd/main.go:145.49,147.3 1 0
eregen.dev/admin-api/cmd/main.go:149.2,154.49 2 0
eregen.dev/admin-api/cmd/main.go:154.49,156.3 1 0
eregen.dev/admin-api/cmd/main.go:159.2,164.49 2 0
eregen.dev/admin-api/cmd/main.go:164.49,166.3 1 0
eregen.dev/admin-api/cmd/main.go:167.2,172.49 2 0
eregen.dev/admin-api/cmd/main.go:172.49,174.3 1 0
eregen.dev/admin-api/cmd/main.go:177.2,183.49 3 0
eregen.dev/admin-api/cmd/main.go:183.49,185.3 1 0
eregen.dev/admin-api/cmd/main.go:187.2,192.49 2 0
eregen.dev/admin-api/cmd/main.go:192.49,194.3 1 0
eregen.dev/admin-api/cmd/main.go:197.2,198.25 2 0
eregen.dev/admin-api/cmd/main.go:198.25,205.50 3 0
eregen.dev/admin-api/cmd/main.go:205.51,207.4 0 0
eregen.dev/admin-api/cmd/main.go:210.2,211.12 2 0
eregen.dev/admin-api/cmd/main.go:215.46,216.16 1 0
eregen.dev/admin-api/cmd/main.go:216.16,218.3 1 0
eregen.dev/admin-api/cmd/main.go:219.2,219.112 1 0
eregen.dev/admin-api/cmd/main.go:223.39,226.2 2 0
eregen.dev/admin-api/internal/config/config.go:14.21,24.2 1 0
eregen.dev/admin-api/internal/config/config.go:26.42,27.34 1 0
eregen.dev/admin-api/internal/config/config.go:27.34,29.3 1 0
eregen.dev/admin-api/internal/config/config.go:30.2,30.17 1 0
eregen.dev/admin-api/internal/auth/auth.go:18.52,21.2 2 0
eregen.dev/admin-api/internal/auth/auth.go:23.50,25.2 1 0
eregen.dev/admin-api/internal/auth/auth.go:39.65,40.48 1 0
eregen.dev/admin-api/internal/auth/auth.go:40.48,42.3 1 0
eregen.dev/admin-api/internal/auth/auth.go:44.2,59.43 5 0
eregen.dev/admin-api/internal/auth/auth.go:62.65,63.39 1 0
eregen.dev/admin-api/internal/auth/auth.go:63.39,65.3 1 0
eregen.dev/admin-api/internal/auth/auth.go:67.2,67.104 1 0
eregen.dev/admin-api/internal/auth/auth.go:67.104,68.58 1 0
eregen.dev/admin-api/internal/auth/auth.go:68.58,70.4 1 0
eregen.dev/admin-api/internal/auth/auth.go:71.3,71.29 1 0
eregen.dev/admin-api/internal/auth/auth.go:74.2,74.32 1 0
eregen.dev/admin-api/internal/auth/auth.go:74.32,76.3 1 0
eregen.dev/admin-api/internal/auth/auth.go:78.2,79.9 2 0
eregen.dev/admin-api/internal/auth/auth.go:79.9,81.3 1 0
eregen.dev/admin-api/internal/auth/auth.go:83.2,83.20 1 0
eregen.dev/admin-api/internal/auth/auth.go:86.73,88.16 2 0
eregen.dev/admin-api/internal/auth/auth.go:88.16,90.3 1 0
eregen.dev/admin-api/internal/auth/auth.go:91.2,91.27 1 0
eregen.dev/admin-api/internal/auth/auth.go:94.71,96.16 2 0
eregen.dev/admin-api/internal/auth/auth.go:96.16,98.3 1 0
eregen.dev/admin-api/internal/auth/auth.go:99.2,99.25 1 0
eregen.dev/admin-api/internal/store/models/models.go:28.32,28.50 1 0
eregen.dev/admin-api/internal/store/models/models.go:40.42,40.71 1 0
eregen.dev/admin-api/internal/store/models/models.go:57.34,57.54 1 0
eregen.dev/admin-api/internal/store/models/models.go:70.40,70.67 1 0
eregen.dev/admin-api/internal/store/models/models.go:83.42,83.71 1 0
eregen.dev/admin-api/internal/store/models/models.go:95.43,95.72 1 0
eregen.dev/admin-api/internal/store/models/models.go:107.33,107.52 1 0
eregen.dev/admin-api/internal/store/models/models.go:122.40,122.66 1 0
eregen.dev/admin-api/internal/store/models/models.go:135.43,135.73 1 0
eregen.dev/admin-api/internal/store/models/models.go:151.34,151.54 1 0
eregen.dev/admin-api/internal/store/models/models.go:171.45,171.77 1 0
eregen.dev/admin-api/internal/store/models/models.go:181.51,181.90 1 0
eregen.dev/admin-api/internal/store/models/models.go:193.49,193.85 1 0
eregen.dev/admin-api/internal/store/models/models.go:205.37,205.61 1 0
eregen.dev/admin-api/internal/store/models/models.go:218.34,218.59 1 0
eregen.dev/admin-api/internal/store/models/models.go:226.41,226.69 1 0
eregen.dev/admin-api/internal/store/models/models.go:236.34,236.55 1 0
eregen.dev/admin-api/internal/store/models/models.go:253.42,253.66 1 0
eregen.dev/admin-api/internal/store/models/models.go:264.50,264.88 1 0
eregen.dev/admin-api/internal/store/models/models.go:275.42,275.71 1 0
eregen.dev/admin-api/internal/store/models/models.go:289.36,289.58 1 0
eregen.dev/admin-api/internal/store/models/models.go:307.42,307.81 1 0
eregen.dev/admin-api/internal/store/models/models.go:319.45,319.79 1 0
eregen.dev/admin-api/internal/store/models/models.go:352.41,352.69 1 0
eregen.dev/admin-api/internal/store/models/models.go:362.44,362.76 1 0
eregen.dev/admin-api/internal/store/models/models.go:376.42,376.71 1 0
eregen.dev/admin-api/internal/store/models/models.go:390.45,390.77 1 0
eregen.dev/admin-api/internal/store/models/models.go:405.45,405.78 1 0
eregen.dev/admin-api/internal/store/models/models.go:420.47,420.81 1 0
eregen.dev/admin-api/internal/store/models/models.go:431.49,431.87 1 0
eregen.dev/admin-api/internal/store/models/models.go:459.44,459.73 1 0
eregen.dev/admin-api/internal/store/models/models.go:476.47,476.81 1 0
eregen.dev/admin-api/internal/store/models/models.go:490.43,490.74 1 0
eregen.dev/admin-api/internal/store/models/models.go:509.41,509.65 1 0
eregen.dev/admin-api/internal/store/models/models.go:534.42,534.69 1 0
eregen.dev/admin-api/internal/store/models/models.go:553.47,553.83 1 0
eregen.dev/admin-api/internal/store/models/models.go:571.46,571.80 1 0
eregen.dev/admin-api/internal/store/models/models.go:588.50,588.89 1 0
eregen.dev/admin-api/internal/store/models/models.go:599.48,599.84 1 0
eregen.dev/admin-api/internal/store/models/models.go:611.40,611.67 1 0
eregen.dev/admin-api/internal/store/models/models.go:625.42,625.71 1 0
eregen.dev/admin-api/internal/store/models/models.go:639.43,639.73 1 0
eregen.dev/admin-api/internal/store/models/models.go:649.41,649.69 1 0
eregen.dev/admin-api/internal/store/models/models.go:662.48,662.83 1 0
eregen.dev/admin-api/internal/store/models/models.go:677.43,677.73 1 0
eregen.dev/admin-api/internal/store/models/models.go:692.39,692.68 1 0
eregen.dev/admin-api/internal/store/models/models.go:705.45,705.70 1 0
eregen.dev/admin-api/internal/store/models/models.go:723.42,723.71 1 0
eregen.dev/admin-api/internal/store/models/models.go:735.52,735.92 1 0
eregen.dev/admin-api/internal/store/models/models.go:746.49,746.86 1 0
eregen.dev/admin-api/internal/store/models/models.go:759.53,759.94 1 0
eregen.dev/admin-api/internal/store/models/models.go:774.49,774.85 1 0
eregen.dev/admin-api/internal/store/models/models.go:792.49,792.86 1 0
eregen.dev/admin-api/internal/store/models/models.go:810.48,810.84 1 0
eregen.dev/admin-api/internal/store/models/models.go:825.49,825.85 1 0
eregen.dev/admin-api/internal/store/models/models.go:841.49,841.86 1 0
eregen.dev/admin-api/internal/router/router.go:18.59,22.29 2 0
eregen.dev/admin-api/internal/router/router.go:22.29,33.19 4 0
eregen.dev/admin-api/internal/router/router.go:33.19,34.30 1 0
eregen.dev/admin-api/internal/router/router.go:34.30,35.20 1 0
eregen.dev/admin-api/internal/router/router.go:35.20,37.11 2 0
eregen.dev/admin-api/internal/router/router.go:40.9,43.4 1 0
eregen.dev/admin-api/internal/router/router.go:45.3,45.14 1 0
eregen.dev/admin-api/internal/router/router.go:45.14,46.20 1 0
eregen.dev/admin-api/internal/router/router.go:46.20,48.5 1 0
eregen.dev/admin-api/internal/router/router.go:49.4,52.47 4 0
eregen.dev/admin-api/internal/router/router.go:56.3,56.36 1 0
eregen.dev/admin-api/internal/router/router.go:56.36,59.4 2 0
eregen.dev/admin-api/internal/router/router.go:61.3,61.11 1 0
eregen.dev/admin-api/internal/router/router.go:64.2,65.21 2 0
eregen.dev/admin-api/internal/router/router.go:65.21,67.3 1 0
eregen.dev/admin-api/internal/router/router.go:68.2,74.47 3 0
eregen.dev/admin-api/internal/router/router.go:74.47,76.3 1 0
eregen.dev/admin-api/internal/router/router.go:79.2,80.2 2 0
eregen.dev/admin-api/internal/router/router.go:80.2,82.3 1 0
eregen.dev/admin-api/internal/router/router.go:84.2,112.18 27 0
eregen.dev/admin-api/internal/router/router.go:112.18,114.3 1 0
eregen.dev/admin-api/internal/router/router.go:117.2,117.60 1 0
eregen.dev/admin-api/internal/router/router.go:117.60,119.3 1 0
eregen.dev/admin-api/internal/router/router.go:121.2,122.18 2 0
eregen.dev/admin-api/internal/router/router.go:122.18,124.3 1 0
eregen.dev/admin-api/internal/router/router.go:126.2,126.21 1 0
eregen.dev/admin-api/internal/router/router.go:126.21,128.3 1 0
eregen.dev/admin-api/internal/router/router.go:129.2,193.3 51 0
eregen.dev/admin-api/internal/router/router.go:193.3,199.4 5 0
eregen.dev/admin-api/internal/router/router.go:200.3,205.3 4 0
eregen.dev/admin-api/internal/router/router.go:205.3,212.4 6 0
eregen.dev/admin-api/internal/router/router.go:215.3,216.3 2 0
eregen.dev/admin-api/internal/router/router.go:216.3,226.4 8 0
eregen.dev/admin-api/internal/router/router.go:226.4,237.5 10 0
eregen.dev/admin-api/internal/router/router.go:237.5,244.6 6 0
eregen.dev/admin-api/internal/router/router.go:246.5,247.5 2 0
eregen.dev/admin-api/internal/router/router.go:247.5,252.6 4 0
eregen.dev/admin-api/internal/router/router.go:255.3,257.3 3 0
eregen.dev/admin-api/internal/router/router.go:257.3,310.4 35 0
eregen.dev/admin-api/internal/router/router.go:313.3,315.3 3 0
eregen.dev/admin-api/internal/router/router.go:315.3,330.52 15 0
eregen.dev/admin-api/internal/router/router.go:330.52,332.4 1 0
eregen.dev/admin-api/internal/router/router.go:333.3,333.54 1 0
eregen.dev/admin-api/internal/router/router.go:337.3,339.3 3 0
eregen.dev/admin-api/internal/router/router.go:339.3,370.4 22 0
eregen.dev/admin-api/internal/router/router.go:375.3,386.3 10 0
eregen.dev/admin-api/internal/router/router.go:386.3,422.68 36 0
eregen.dev/admin-api/internal/router/router.go:422.68,424.5 1 0
eregen.dev/admin-api/internal/router/router.go:428.3,430.3 3 0
eregen.dev/admin-api/internal/router/router.go:430.3,454.4 23 0
eregen.dev/admin-api/internal/router/router.go:458.2,459.2 2 0
eregen.dev/admin-api/internal/router/router.go:459.2,466.3 6 0
eregen.dev/admin-api/internal/router/router.go:470.2,471.2 2 0
eregen.dev/admin-api/internal/router/router.go:471.2,476.3 4 0
eregen.dev/admin-api/internal/router/router.go:478.2,479.2 2 0
eregen.dev/admin-api/internal/router/router.go:479.2,483.3 3 0
eregen.dev/admin-api/internal/router/router.go:485.2,486.2 2 0
eregen.dev/admin-api/internal/router/router.go:486.2,489.3 2 0
eregen.dev/admin-api/internal/router/router.go:490.2,491.2 2 0
eregen.dev/admin-api/internal/router/router.go:491.2,494.3 2 0
eregen.dev/admin-api/internal/router/router.go:496.2,497.2 2 0
eregen.dev/admin-api/internal/router/router.go:497.2,501.3 3 0
eregen.dev/admin-api/internal/router/router.go:502.2,503.2 2 0
eregen.dev/admin-api/internal/router/router.go:503.2,506.3 2 0
eregen.dev/admin-api/internal/router/router.go:508.2,509.2 2 0
eregen.dev/admin-api/internal/router/router.go:509.2,513.3 3 0
eregen.dev/admin-api/internal/router/router.go:514.2,515.2 2 0
eregen.dev/admin-api/internal/router/router.go:515.2,517.3 1 0
eregen.dev/admin-api/internal/router/router.go:519.2,520.2 2 0
eregen.dev/admin-api/internal/router/router.go:520.2,523.3 2 0
eregen.dev/admin-api/internal/router/router.go:524.2,525.2 2 0
eregen.dev/admin-api/internal/router/router.go:525.2,529.3 3 0
eregen.dev/admin-api/internal/router/router.go:531.2,531.10 1 0
eregen.dev/admin-api/internal/store/gormstore/store.go:25.30,27.2 1 0
eregen.dev/admin-api/internal/store/gormstore/store.go:29.53,32.16 3 0
eregen.dev/admin-api/internal/store/gormstore/store.go:33.18,34.101 1 0
eregen.dev/admin-api/internal/store/gormstore/store.go:35.16,36.99 1 0
eregen.dev/admin-api/internal/store/gormstore/store.go:37.10,38.66 1 0
eregen.dev/admin-api/internal/store/gormstore/store.go:40.2,40.16 1 0
eregen.dev/admin-api/internal/store/gormstore/store.go:40.16,42.3 1 0
eregen.dev/admin-api/internal/store/gormstore/store.go:43.2,43.24 1 0
eregen.dev/admin-api/internal/store/gormstore/store.go:43.24,45.19 2 0
eregen.dev/admin-api/internal/store/gormstore/store.go:45.19,47.4 1 0
eregen.dev/admin-api/internal/store/gormstore/store.go:49.2,49.21 1 0
eregen.dev/admin-api/internal/store/gormstore/store.go:52.39,53.14 1 0
eregen.dev/admin-api/internal/store/gormstore/store.go:53.14,55.3 1 0
eregen.dev/admin-api/internal/store/gormstore/store.go:56.2,56.11 1 0
eregen.dev/admin-api/internal/store/gormstore/store.go:59.42,60.13 1 0
eregen.dev/admin-api/internal/store/gormstore/store.go:60.13,62.3 1 0
eregen.dev/admin-api/internal/store/gormstore/store.go:63.2,63.11 1 0
eregen.dev/admin-api/internal/store/gormstore/store.go:66.35,67.14 1 0
eregen.dev/admin-api/internal/store/gormstore/store.go:67.14,69.3 1 0
eregen.dev/admin-api/internal/store/gormstore/store.go:70.2,70.10 1 0
eregen.dev/admin-api/internal/store/gormstore/store.go:73.37,82.2 1 0
eregen.dev/admin-api/internal/store/gormstore/store.go:84.31,84.46 1 0
eregen.dev/admin-api/internal/store/gormstore/store.go:86.108,88.16 2 0
eregen.dev/admin-api/internal/store/gormstore/store.go:88.16,90.3 1 0
eregen.dev/admin-api/internal/store/gormstore/store.go:91.2,93.65 3 0
eregen.dev/admin-api/internal/store/gormstore/store.go:93.65,95.3 1 0
eregen.dev/admin-api/internal/store/gormstore/store.go:96.2,96.16 1 0
eregen.dev/admin-api/internal/store/gormstore/store.go:99.119,102.16 3 0
eregen.dev/admin-api/internal/store/gormstore/store.go:103.15,104.80 1 0
eregen.dev/admin-api/internal/store/gormstore/store.go:105.15,106.80 1 0
eregen.dev/admin-api/internal/store/gormstore/store.go:107.10,108.43 1 0
eregen.dev/admin-api/internal/store/gormstore/store.go:110.2,110.16 1 0
eregen.dev/admin-api/internal/store/gormstore/store.go:110.16,112.3 1 0
eregen.dev/admin-api/internal/store/gormstore/store.go:113.2,113.54 1 0
eregen.dev/admin-api/internal/store/gormstore/store.go:113.54,115.3 1 0
eregen.dev/admin-api/internal/store/gormstore/store.go:116.2,116.77 1 0
eregen.dev/admin-api/internal/store/gormstore/store.go:119.110,122.16 3 0
eregen.dev/admin-api/internal/store/gormstore/store.go:122.16,124.3 1 0
eregen.dev/admin-api/internal/store/gormstore/store.go:125.2,126.49 2 0
eregen.dev/admin-api/internal/store/gormstore/store.go:126.49,128.3 1 0
eregen.dev/admin-api/internal/store/gormstore/store.go:129.2,130.26 2 0
eregen.dev/admin-api/internal/store/gormstore/store.go:130.26,134.3 3 0
eregen.dev/admin-api/internal/store/gormstore/store.go:135.2,135.20 1 0
eregen.dev/admin-api/internal/store/gormstore/store.go:138.92,140.2 1 0
eregen.dev/admin-api/internal/store/gormstore/store.go:142.77,144.2 1 0
eregen.dev/admin-api/internal/store/gormstore/store.go:146.66,148.2 1 0
eregen.dev/admin-api/internal/store/gormstore/store.go:150.79,153.66 3 0
eregen.dev/admin-api/internal/store/gormstore/store.go:153.66,155.3 1 0
eregen.dev/admin-api/internal/store/gormstore/store.go:156.2,158.12 3 0
eregen.dev/admin-api/internal/store/gormstore/store.go:161.115,164.20 3 0
eregen.dev/admin-api/internal/store/gormstore/store.go:164.20,166.3 1 0
eregen.dev/admin-api/internal/store/gormstore/store.go:167.2,167.18 1 0
eregen.dev/admin-api/internal/store/gormstore/store.go:167.18,169.3 1 0
eregen.dev/admin-api/internal/store/gormstore/store.go:170.2,171.15 2 0
eregen.dev/admin-api/internal/store/gormstore/store.go:171.15,173.3 1 0
eregen.dev/admin-api/internal/store/gormstore/store.go:174.2,174.50 1 0
eregen.dev/admin-api/internal/store/gormstore/store.go:174.50,176.3 1 0
eregen.dev/admin-api/internal/store/gormstore/store.go:177.2,178.27 2 0
eregen.dev/admin-api/internal/store/gormstore/store.go:178.27,180.3 1 0
eregen.dev/admin-api/internal/store/gormstore/store.go:181.2,181.20 1 0
eregen.dev/admin-api/internal/store/gormstore/store.go:184.73,186.2 1 0
eregen.dev/admin-api/internal/store/gormstore/store.go:188.86,190.2 1 0
eregen.dev/admin-api/internal/store/gormstore/store.go:192.155,196.63 4 0
eregen.dev/admin-api/internal/store/gormstore/store.go:196.63,198.3 1 0
eregen.dev/admin-api/internal/store/gormstore/store.go:199.2,201.200 3 0
eregen.dev/admin-api/internal/store/gormstore/store.go:204.91,206.83 2 0
eregen.dev/admin-api/internal/store/gormstore/store.go:206.83,208.3 1 0
eregen.dev/admin-api/internal/store/gormstore/store.go:209.2,211.200 3 0
eregen.dev/admin-api/internal/store/gormstore/store.go:214.102,217.47 3 0
eregen.dev/admin-api/internal/store/gormstore/store.go:217.47,219.3 1 0
eregen.dev/admin-api/internal/store/gormstore/store.go:220.2,221.25 2 0
eregen.dev/admin-api/internal/store/gormstore/store.go:221.25,225.3 3 0
eregen.dev/admin-api/internal/store/gormstore/store.go:226.2,226.20 1 0
eregen.dev/admin-api/internal/store/gormstore/store.go:229.159,231.280 2 0
eregen.dev/admin-api/internal/store/gormstore/store.go:231.280,233.3 1 0
eregen.dev/admin-api/internal/store/gormstore/store.go:234.2,234.30 1 0
eregen.dev/admin-api/internal/store/gormstore/store.go:237.69,239.2 1 0
eregen.dev/admin-api/internal/store/gormstore/store.go:241.131,244.18 3 0
eregen.dev/admin-api/internal/store/gormstore/store.go:244.18,246.3 1 0
eregen.dev/admin-api/internal/store/gormstore/store.go:247.2,247.19 1 0
eregen.dev/admin-api/internal/store/gormstore/store.go:247.19,249.3 1 0
eregen.dev/admin-api/internal/store/gormstore/store.go:250.2,250.16 1 0
eregen.dev/admin-api/internal/store/gormstore/store.go:250.16,252.3 1 0
eregen.dev/admin-api/internal/store/gormstore/store.go:253.2,254.51 2 0
eregen.dev/admin-api/internal/store/gormstore/store.go:254.51,256.3 1 0
eregen.dev/admin-api/internal/store/gormstore/store.go:257.2,258.28 2 0
eregen.dev/admin-api/internal/store/gormstore/store.go:258.28,260.3 1 0
eregen.dev/admin-api/internal/store/gormstore/store.go:261.2,261.20 1 0
eregen.dev/admin-api/internal/store/gormstore/store.go:264.92,266.82 2 0
eregen.dev/admin-api/internal/store/gormstore/store.go:266.82,268.3 1 0
eregen.dev/admin-api/internal/store/gormstore/store.go:269.2,269.213 1 0
eregen.dev/admin-api/internal/store/gormstore/store.go:272.111,275.2 2 0
eregen.dev/admin-api/internal/store/gormstore/store.go:277.89,280.67 3 0
eregen.dev/admin-api/internal/store/gormstore/store.go:280.67,282.3 1 0
eregen.dev/admin-api/internal/store/gormstore/store.go:283.2,284.12 2 0
eregen.dev/admin-api/internal/store/gormstore/store.go:287.124,290.15 3 0
eregen.dev/admin-api/internal/store/gormstore/store.go:290.15,292.3 1 0
eregen.dev/admin-api/internal/store/gormstore/store.go:293.2,293.51 1 0
eregen.dev/admin-api/internal/store/gormstore/store.go:293.51,295.3 1 0
eregen.dev/admin-api/internal/store/gormstore/store.go:296.2,297.28 2 0
eregen.dev/admin-api/internal/store/gormstore/store.go:297.28,299.3 1 0
eregen.dev/admin-api/internal/store/gormstore/store.go:300.2,300.20 1 0
eregen.dev/admin-api/internal/store/gormstore/store.go:303.114,306.62 3 0
eregen.dev/admin-api/internal/store/gormstore/store.go:306.62,308.3 1 0
eregen.dev/admin-api/internal/store/gormstore/store.go:309.2,310.12 2 0
eregen.dev/admin-api/internal/store/gormstore/store.go:313.117,315.100 2 0
eregen.dev/admin-api/internal/store/gormstore/store.go:315.100,317.3 1 0
eregen.dev/admin-api/internal/store/gormstore/store.go:318.2,319.26 2 0
eregen.dev/admin-api/internal/store/gormstore/store.go:319.26,321.3 1 0
eregen.dev/admin-api/internal/store/gormstore/store.go:322.2,322.20 1 0
eregen.dev/admin-api/internal/store/gormstore/store.go:325.123,327.2 1 0
eregen.dev/admin-api/internal/store/gormstore/store.go:329.91,331.2 1 0
eregen.dev/admin-api/internal/store/gormstore/store.go:333.85,336.62 3 0
eregen.dev/admin-api/internal/store/gormstore/store.go:336.62,338.3 1 0
eregen.dev/admin-api/internal/store/gormstore/store.go:339.2,340.12 2 0
eregen.dev/admin-api/internal/store/gormstore/store.go:343.124,346.15 3 0
eregen.dev/admin-api/internal/store/gormstore/store.go:346.15,348.3 1 0
eregen.dev/admin-api/internal/store/gormstore/store.go:349.2,349.53 1 0
eregen.dev/admin-api/internal/store/gormstore/store.go:349.53,351.3 1 0
eregen.dev/admin-api/internal/store/gormstore/store.go:352.2,353.30 2 0
eregen.dev/admin-api/internal/store/gormstore/store.go:353.30,355.3 1 0
eregen.dev/admin-api/internal/store/gormstore/store.go:356.2,356.20 1 0
eregen.dev/admin-api/internal/store/gormstore/store.go:359.106,364.2 3 0
eregen.dev/admin-api/internal/store/gormstore/store.go:366.108,372.36 2 0
eregen.dev/admin-api/internal/store/gormstore/store.go:372.36,374.3 1 0
eregen.dev/admin-api/internal/store/gormstore/store.go:375.2,376.28 2 0
eregen.dev/admin-api/internal/store/gormstore/store.go:376.28,382.3 1 0
eregen.dev/admin-api/internal/store/gormstore/store.go:383.2,383.20 1 0
eregen.dev/admin-api/internal/store/gormstore/store.go:386.123,389.15 3 0
eregen.dev/admin-api/internal/store/gormstore/store.go:389.15,391.3 1 0
eregen.dev/admin-api/internal/store/gormstore/store.go:392.2,392.50 1 0
eregen.dev/admin-api/internal/store/gormstore/store.go:392.50,394.3 1 0
eregen.dev/admin-api/internal/store/gormstore/store.go:395.2,396.27 2 0
eregen.dev/admin-api/internal/store/gormstore/store.go:396.27,398.3 1 0
eregen.dev/admin-api/internal/store/gormstore/store.go:399.2,399.20 1 0
eregen.dev/admin-api/internal/store/gormstore/store.go:402.97,405.2 1 0
eregen.dev/admin-api/internal/store/gormstore/store.go:407.74,408.135 1 0
eregen.dev/admin-api/internal/store/gormstore/store.go:408.135,410.3 1 0
eregen.dev/admin-api/internal/store/gormstore/store.go:411.2,411.122 1 0
eregen.dev/admin-api/internal/store/gormstore/store.go:414.105,415.31 1 0
eregen.dev/admin-api/internal/store/gormstore/store.go:415.31,418.58 3 0
eregen.dev/admin-api/internal/store/gormstore/store.go:418.58,420.4 1 0
eregen.dev/admin-api/internal/store/gormstore/store.go:422.2,422.12 1 0
eregen.dev/admin-api/internal/store/gormstore/store.go:425.37,426.13 1 0
eregen.dev/admin-api/internal/store/gormstore/store.go:426.13,428.3 1 0
eregen.dev/admin-api/internal/store/gormstore/store.go:429.2,430.16 2 0
eregen.dev/admin-api/internal/store/gormstore/store.go:430.16,432.3 1 0
eregen.dev/admin-api/internal/store/gormstore/store.go:433.2,433.11 1 0
eregen.dev/admin-api/internal/store/gormstore/store.go:436.43,437.14 1 0
eregen.dev/admin-api/internal/store/gormstore/store.go:437.14,439.3 1 0
eregen.dev/admin-api/internal/store/gormstore/store.go:440.2,440.11 1 0
eregen.dev/admin-api/internal/store/gormstore/store.go:443.49,445.63 2 0
eregen.dev/admin-api/internal/store/gormstore/store.go:445.63,447.3 1 0
eregen.dev/admin-api/internal/store/gormstore/store.go:448.2,448.47 1 0
eregen.dev/admin-api/internal/store/gormstore/store.go:448.47,450.3 1 0
eregen.dev/admin-api/internal/store/gormstore/store.go:451.2,451.15 1 0
eregen.dev/admin-api/internal/store/gormstore/store.go:454.92,460.2 2 0
eregen.dev/admin-api/internal/store/gormstore/store.go:462.92,464.93 2 0
eregen.dev/admin-api/internal/store/gormstore/store.go:464.93,466.3 1 0
eregen.dev/admin-api/internal/store/gormstore/store.go:467.2,468.29 2 0
eregen.dev/admin-api/internal/store/gormstore/store.go:468.29,471.3 1 0
eregen.dev/admin-api/internal/store/gormstore/store.go:472.2,472.20 1 0
eregen.dev/admin-api/internal/store/gormstore/store.go:475.77,477.2 1 0
eregen.dev/admin-api/internal/store/gormstore/store.go:479.104,482.64 3 0
eregen.dev/admin-api/internal/store/gormstore/store.go:482.64,484.3 1 0
eregen.dev/admin-api/internal/store/gormstore/store.go:485.2,485.20 1 0
eregen.dev/admin-api/internal/store/gormstore/store.go:488.85,490.91 2 0
eregen.dev/admin-api/internal/store/gormstore/store.go:490.91,492.3 1 0
eregen.dev/admin-api/internal/store/gormstore/store.go:493.2,500.8 1 0
eregen.dev/admin-api/internal/store/gormstore/store.go:503.86,505.98 2 0
eregen.dev/admin-api/internal/store/gormstore/store.go:505.98,507.3 1 0
eregen.dev/admin-api/internal/store/gormstore/store.go:508.2,510.19 3 0
eregen.dev/admin-api/internal/store/gormstore/store.go:510.19,512.3 1 0
eregen.dev/admin-api/internal/store/gormstore/store.go:513.2,513.20 1 0
eregen.dev/admin-api/internal/store/gormstore/store.go:516.92,521.2 2 0
eregen.dev/admin-api/internal/store/gormstore/store.go:523.81,525.89 2 0
eregen.dev/admin-api/internal/store/gormstore/store.go:525.89,527.3 1 0
eregen.dev/admin-api/internal/store/gormstore/store.go:528.2,529.25 2 0
eregen.dev/admin-api/internal/store/gormstore/store.go:529.25,531.3 1 0
eregen.dev/admin-api/internal/store/gormstore/store.go:532.2,532.20 1 0
eregen.dev/admin-api/internal/store/gormstore/store.go:535.111,538.64 3 0
eregen.dev/admin-api/internal/store/gormstore/store.go:538.64,540.3 1 0
eregen.dev/admin-api/internal/store/gormstore/store.go:541.2,541.16 1 0
eregen.dev/admin-api/internal/store/gormstore/store.go:544.68,546.2 1 0
eregen.dev/admin-api/internal/store/gormstore/store.go:548.85,550.2 1 0
eregen.dev/admin-api/internal/store/gormstore/store.go:552.87,572.2 19 0
eregen.dev/admin-api/internal/store/gormstore/store.go:574.93,581.91 3 0
eregen.dev/admin-api/internal/store/gormstore/store.go:581.91,583.3 1 0
eregen.dev/admin-api/internal/store/gormstore/store.go:584.2,587.25 4 0
eregen.dev/admin-api/internal/store/gormstore/store.go:587.25,589.16 2 0
eregen.dev/admin-api/internal/store/gormstore/store.go:589.16,591.4 1 0
eregen.dev/admin-api/internal/store/gormstore/store.go:592.3,592.82 1 0
eregen.dev/admin-api/internal/store/gormstore/store.go:594.2,594.20 1 0
eregen.dev/admin-api/internal/store/gormstore/store.go:597.95,611.89 4 0
eregen.dev/admin-api/internal/store/gormstore/store.go:611.89,613.3 1 0
eregen.dev/admin-api/internal/store/gormstore/store.go:614.2,615.25 2 0
eregen.dev/admin-api/internal/store/gormstore/store.go:615.25,617.3 1 0
eregen.dev/admin-api/internal/store/gormstore/store.go:618.2,618.20 1 0
eregen.dev/admin-api/internal/store/gormstore/store.go:621.98,628.93 3 0
eregen.dev/admin-api/internal/store/gormstore/store.go:628.93,630.3 1 0
eregen.dev/admin-api/internal/store/gormstore/store.go:631.2,636.25 3 0
eregen.dev/admin-api/internal/store/gormstore/store.go:636.25,638.3 1 0
eregen.dev/admin-api/internal/store/gormstore/store.go:639.2,639.20 1 0
eregen.dev/admin-api/internal/store/gormstore/store.go:642.97,652.64 4 0
eregen.dev/admin-api/internal/store/gormstore/store.go:652.64,654.3 1 0
eregen.dev/admin-api/internal/store/gormstore/store.go:655.2,656.25 2 0
eregen.dev/admin-api/internal/store/gormstore/store.go:656.25,658.3 1 0
eregen.dev/admin-api/internal/store/gormstore/store.go:659.2,659.20 1 0
eregen.dev/admin-api/internal/store/gormstore/store.go:662.135,665.18 3 0
eregen.dev/admin-api/internal/store/gormstore/store.go:665.18,667.3 1 0
eregen.dev/admin-api/internal/store/gormstore/store.go:668.2,668.20 1 0
eregen.dev/admin-api/internal/store/gormstore/store.go:668.20,670.3 1 0
eregen.dev/admin-api/internal/store/gormstore/store.go:671.2,672.48 2 0
eregen.dev/admin-api/internal/store/gormstore/store.go:672.48,674.3 1 0
eregen.dev/admin-api/internal/store/gormstore/store.go:675.2,676.25 2 0
eregen.dev/admin-api/internal/store/gormstore/store.go:676.25,679.24 3 0
eregen.dev/admin-api/internal/store/gormstore/store.go:679.24,681.4 1 0
eregen.dev/admin-api/internal/store/gormstore/store.go:682.3,682.25 1 0
eregen.dev/admin-api/internal/store/gormstore/store.go:682.25,684.4 1 0
eregen.dev/admin-api/internal/store/gormstore/store.go:685.3,688.4 1 0
eregen.dev/admin-api/internal/store/gormstore/store.go:690.2,690.20 1 0
eregen.dev/admin-api/internal/store/gormstore/store.go:693.98,695.84 2 0
eregen.dev/admin-api/internal/store/gormstore/store.go:695.84,697.3 1 0
eregen.dev/admin-api/internal/store/gormstore/store.go:698.2,700.25 3 0
eregen.dev/admin-api/internal/store/gormstore/store.go:700.25,702.3 1 0
eregen.dev/admin-api/internal/store/gormstore/store.go:703.2,703.26 1 0
eregen.dev/admin-api/internal/store/gormstore/store.go:703.26,705.3 1 0
eregen.dev/admin-api/internal/store/gormstore/store.go:706.2,707.99 1 0
eregen.dev/admin-api/internal/store/gormstore/store.go:710.92,713.25 3 0
eregen.dev/admin-api/internal/store/gormstore/store.go:713.25,714.68 1 0
eregen.dev/admin-api/internal/store/gormstore/store.go:714.68,716.4 1 0
eregen.dev/admin-api/internal/store/gormstore/store.go:718.2,718.23 1 0
eregen.dev/admin-api/internal/store/gormstore/store.go:718.23,719.66 1 0
eregen.dev/admin-api/internal/store/gormstore/store.go:719.66,721.4 1 0
eregen.dev/admin-api/internal/store/gormstore/store.go:723.2,725.49 2 0
eregen.dev/admin-api/internal/store/gormstore/store.go:728.98,730.2 1 0
eregen.dev/admin-api/internal/store/gormstore/store.go:732.82,734.19 2 0
eregen.dev/admin-api/internal/store/gormstore/store.go:734.19,735.62 1 0
eregen.dev/admin-api/internal/store/gormstore/store.go:735.62,737.4 1 0
eregen.dev/admin-api/internal/store/gormstore/store.go:739.2,740.85 1 0
eregen.dev/admin-api/internal/store/gormstore/store.go:745.88,762.2 2 0
eregen.dev/admin-api/internal/store/gormstore/store.go:764.96,766.82 2 0
eregen.dev/admin-api/internal/store/gormstore/store.go:766.82,768.3 1 0
eregen.dev/admin-api/internal/store/gormstore/store.go:769.2,784.8 1 0
eregen.dev/admin-api/internal/store/gormstore/store.go:787.135,790.22 3 0
eregen.dev/admin-api/internal/store/gormstore/store.go:790.22,792.3 1 0
eregen.dev/admin-api/internal/store/gormstore/store.go:793.2,793.18 1 0
eregen.dev/admin-api/internal/store/gormstore/store.go:793.18,795.3 1 0
eregen.dev/admin-api/internal/store/gormstore/store.go:796.2,797.54 2 0
eregen.dev/admin-api/internal/store/gormstore/store.go:797.54,799.3 1 0
eregen.dev/admin-api/internal/store/gormstore/store.go:800.2,801.31 2 0
eregen.dev/admin-api/internal/store/gormstore/store.go:801.31,808.3 1 0
eregen.dev/admin-api/internal/store/gormstore/store.go:809.2,809.20 1 0
eregen.dev/admin-api/internal/store/gormstore/store.go:812.110,815.157 2 0
eregen.dev/admin-api/internal/store/gormstore/store.go:815.157,817.3 1 0
eregen.dev/admin-api/internal/store/gormstore/store.go:818.2,820.21 3 0
eregen.dev/admin-api/internal/store/gormstore/store.go:820.21,823.3 2 0
eregen.dev/admin-api/internal/store/gormstore/store.go:824.2,824.12 1 0
eregen.dev/admin-api/internal/store/gormstore/store.go:827.85,842.2 2 0
eregen.dev/admin-api/internal/store/gormstore/store.go:844.103,846.129 2 0
eregen.dev/admin-api/internal/store/gormstore/store.go:846.129,848.3 1 0
eregen.dev/admin-api/internal/store/gormstore/store.go:849.2,850.28 2 0
eregen.dev/admin-api/internal/store/gormstore/store.go:850.28,855.25 5 0
eregen.dev/admin-api/internal/store/gormstore/store.go:855.25,857.4 1 0
eregen.dev/admin-api/internal/store/gormstore/store.go:858.3,858.20 1 0
eregen.dev/admin-api/internal/store/gormstore/store.go:858.20,860.4 1 0
eregen.dev/admin-api/internal/store/gormstore/store.go:861.3,861.27 1 0
eregen.dev/admin-api/internal/store/gormstore/store.go:861.27,863.4 1 0
eregen.dev/admin-api/internal/store/gormstore/store.go:864.3,864.22 1 0
eregen.dev/admin-api/internal/store/gormstore/store.go:864.22,866.4 1 0
eregen.dev/admin-api/internal/store/gormstore/store.go:867.3,871.4 1 0
eregen.dev/admin-api/internal/store/gormstore/store.go:873.2,873.20 1 0
eregen.dev/admin-api/internal/store/gormstore/store.go:876.139,880.15 4 0
eregen.dev/admin-api/internal/store/gormstore/store.go:881.26,884.17 3 0
eregen.dev/admin-api/internal/store/gormstore/store.go:884.17,886.4 1 0
eregen.dev/admin-api/internal/store/gormstore/store.go:887.27,888.40 1 0
eregen.dev/admin-api/internal/store/gormstore/store.go:888.40,892.18 3 0
eregen.dev/admin-api/internal/store/gormstore/store.go:892.18,894.5 1 0
eregen.dev/admin-api/internal/store/gormstore/store.go:897.2,897.21 1 0
eregen.dev/admin-api/internal/store/gormstore/store.go:902.83,919.2 3 0
eregen.dev/admin-api/internal/store/gormstore/store.go:921.91,923.82 2 0
eregen.dev/admin-api/internal/store/gormstore/store.go:923.82,925.3 1 0
eregen.dev/admin-api/internal/store/gormstore/store.go:926.2,929.18 4 0
eregen.dev/admin-api/internal/store/gormstore/store.go:929.18,931.3 1 0
eregen.dev/admin-api/internal/store/gormstore/store.go:932.2,937.8 1 0
eregen.dev/admin-api/internal/store/gormstore/store.go:940.118,943.18 3 0
eregen.dev/admin-api/internal/store/gormstore/store.go:943.18,945.3 1 0
eregen.dev/admin-api/internal/store/gormstore/store.go:946.2,947.52 2 0
eregen.dev/admin-api/internal/store/gormstore/store.go:947.52,949.3 1 0
eregen.dev/admin-api/internal/store/gormstore/store.go:950.2,951.29 2 0
eregen.dev/admin-api/internal/store/gormstore/store.go:951.29,955.19 4 0
eregen.dev/admin-api/internal/store/gormstore/store.go:955.19,957.4 1 0
eregen.dev/admin-api/internal/store/gormstore/store.go:958.3,963.4 1 0
eregen.dev/admin-api/internal/store/gormstore/store.go:965.2,965.20 1 0
eregen.dev/admin-api/internal/store/gormstore/store.go:968.83,978.2 3 0
eregen.dev/admin-api/internal/store/gormstore/store.go:980.69,982.2 1 0
eregen.dev/admin-api/internal/store/gormstore/store.go:984.113,986.101 2 0
eregen.dev/admin-api/internal/store/gormstore/store.go:986.101,988.3 1 0
eregen.dev/admin-api/internal/store/gormstore/store.go:989.2,992.18 4 0
eregen.dev/admin-api/internal/store/gormstore/store.go:992.18,994.3 1 0
eregen.dev/admin-api/internal/store/gormstore/store.go:995.2,1000.8 1 0
eregen.dev/admin-api/internal/store/gormstore/store.go:1003.97,1004.29 1 0
eregen.dev/admin-api/internal/store/gormstore/store.go:1004.29,1005.50 1 0
eregen.dev/admin-api/internal/store/gormstore/store.go:1005.50,1007.4 1 0
eregen.dev/admin-api/internal/store/gormstore/store.go:1009.2,1009.12 1 0
eregen.dev/admin-api/internal/store/gormstore/store.go:1012.112,1014.16 2 0
eregen.dev/admin-api/internal/store/gormstore/store.go:1014.16,1016.3 1 0
eregen.dev/admin-api/internal/store/gormstore/store.go:1017.2,1017.65 1 0
eregen.dev/admin-api/internal/store/gormstore/store.go:1020.121,1023.16 3 0
eregen.dev/admin-api/internal/store/gormstore/store.go:1023.16,1025.3 1 0
eregen.dev/admin-api/internal/store/gormstore/store.go:1026.2,1026.51 1 0
eregen.dev/admin-api/internal/store/gormstore/store.go:1026.51,1028.3 1 0
eregen.dev/admin-api/internal/store/gormstore/store.go:1029.2,1030.28 2 0
eregen.dev/admin-api/internal/store/gormstore/store.go:1030.28,1036.3 1 0
eregen.dev/admin-api/internal/store/gormstore/store.go:1037.2,1037.20 1 0
eregen.dev/admin-api/internal/store/gormstore/store.go:1042.86,1044.68 2 0
eregen.dev/admin-api/internal/store/gormstore/store.go:1044.68,1046.3 1 0
eregen.dev/admin-api/internal/store/gormstore/store.go:1047.2,1048.90 1 0
eregen.dev/admin-api/internal/store/gormstore/store.go:1051.78,1054.47 2 0
eregen.dev/admin-api/internal/store/gormstore/store.go:1054.47,1056.3 1 0
eregen.dev/admin-api/internal/store/gormstore/store.go:1057.2,1058.83 1 0
eregen.dev/admin-api/internal/store/gormstore/store.go:1061.76,1064.2 1 0
eregen.dev/admin-api/internal/store/gormstore/store.go:1066.128,1069.18 3 0
eregen.dev/admin-api/internal/store/gormstore/store.go:1069.18,1071.3 1 0
eregen.dev/admin-api/internal/store/gormstore/store.go:1072.2,1073.51 2 0
eregen.dev/admin-api/internal/store/gormstore/store.go:1073.51,1075.3 1 0
eregen.dev/admin-api/internal/store/gormstore/store.go:1076.2,1077.28 2 0
eregen.dev/admin-api/internal/store/gormstore/store.go:1077.28,1079.30 2 0
eregen.dev/admin-api/internal/store/gormstore/store.go:1079.30,1081.4 1 0
eregen.dev/admin-api/internal/store/gormstore/store.go:1082.3,1085.4 1 0
eregen.dev/admin-api/internal/store/gormstore/store.go:1087.2,1087.20 1 0
eregen.dev/admin-api/internal/store/gormstore/store.go:1090.92,1092.95 2 0
eregen.dev/admin-api/internal/store/gormstore/store.go:1092.95,1094.3 1 0
eregen.dev/admin-api/internal/store/gormstore/store.go:1095.2,1095.31 1 0
eregen.dev/admin-api/internal/store/gormstore/store.go:1098.84,1101.2 1 0
eregen.dev/admin-api/internal/store/gormstore/store.go:1105.80,1117.20 3 0
eregen.dev/admin-api/internal/store/gormstore/store.go:1117.20,1119.3 1 0
eregen.dev/admin-api/internal/store/gormstore/store.go:1120.2,1120.50 1 0
eregen.dev/admin-api/internal/store/gormstore/store.go:1123.89,1124.31 1 0
eregen.dev/admin-api/internal/store/gormstore/store.go:1124.31,1126.3 1 0
eregen.dev/admin-api/internal/store/gormstore/store.go:1127.2,1128.102 2 0
eregen.dev/admin-api/internal/store/gormstore/store.go:1128.102,1130.3 1 0
eregen.dev/admin-api/internal/store/gormstore/store.go:1131.2,1132.25 2 0
eregen.dev/admin-api/internal/store/gormstore/store.go:1132.25,1140.3 3 0
eregen.dev/admin-api/internal/store/gormstore/store.go:1141.2,1141.20 1 0
eregen.dev/admin-api/internal/store/gormstore/store.go:1144.110,1145.31 1 0
eregen.dev/admin-api/internal/store/gormstore/store.go:1145.31,1147.3 1 0
eregen.dev/admin-api/internal/store/gormstore/store.go:1148.2,1149.131 2 0
eregen.dev/admin-api/internal/store/gormstore/store.go:1149.131,1151.3 1 0
eregen.dev/admin-api/internal/store/gormstore/store.go:1152.2,1153.25 2 0
eregen.dev/admin-api/internal/store/gormstore/store.go:1153.25,1161.3 3 0
eregen.dev/admin-api/internal/store/gormstore/store.go:1162.2,1162.20 1 0
eregen.dev/admin-api/internal/store/gormstore/store.go:1165.112,1166.31 1 0
eregen.dev/admin-api/internal/store/gormstore/store.go:1166.31,1168.3 1 0
eregen.dev/admin-api/internal/store/gormstore/store.go:1169.2,1170.130 2 0
eregen.dev/admin-api/internal/store/gormstore/store.go:1170.130,1172.3 1 0
eregen.dev/admin-api/internal/store/gormstore/store.go:1173.2,1174.25 2 0
eregen.dev/admin-api/internal/store/gormstore/store.go:1174.25,1182.3 3 0
eregen.dev/admin-api/internal/store/gormstore/store.go:1183.2,1183.20 1 0
eregen.dev/admin-api/internal/store/gormstore/store.go:1188.91,1193.2 4 0
eregen.dev/admin-api/internal/store/gormstore/store.go:1195.99,1197.82 2 0
eregen.dev/admin-api/internal/store/gormstore/store.go:1197.82,1199.3 1 0
eregen.dev/admin-api/internal/store/gormstore/store.go:1200.2,1200.276 1 0
eregen.dev/admin-api/internal/store/gormstore/store.go:1203.137,1206.16 3 0
eregen.dev/admin-api/internal/store/gormstore/store.go:1206.16,1208.3 1 0
eregen.dev/admin-api/internal/store/gormstore/store.go:1209.2,1209.15 1 0
eregen.dev/admin-api/internal/store/gormstore/store.go:1209.15,1211.3 1 0
eregen.dev/admin-api/internal/store/gormstore/store.go:1212.2,1212.18 1 0
eregen.dev/admin-api/internal/store/gormstore/store.go:1212.18,1214.3 1 0
eregen.dev/admin-api/internal/store/gormstore/store.go:1215.2,1216.56 2 0
eregen.dev/admin-api/internal/store/gormstore/store.go:1216.56,1218.3 1 0
eregen.dev/admin-api/internal/store/gormstore/store.go:1219.2,1220.36 2 0
eregen.dev/admin-api/internal/store/gormstore/store.go:1220.36,1222.3 1 0
eregen.dev/admin-api/internal/store/gormstore/store.go:1223.2,1223.20 1 0
eregen.dev/admin-api/internal/store/gormstore/store.go:1226.97,1228.2 1 0
eregen.dev/admin-api/internal/store/gormstore/store.go:1230.73,1232.2 1 0
eregen.dev/admin-api/internal/store/gormstore/store.go:1234.106,1237.64 3 0
eregen.dev/admin-api/internal/store/gormstore/store.go:1237.64,1239.3 1 0
eregen.dev/admin-api/internal/store/gormstore/store.go:1240.2,1240.16 1 0
eregen.dev/admin-api/internal/store/gormstore/store.go:1243.97,1245.2 1 0
eregen.dev/admin-api/internal/store/gormstore/store.go:1249.74,1255.2 5 0
eregen.dev/admin-api/internal/store/gormstore/store.go:1257.82,1259.82 2 0
eregen.dev/admin-api/internal/store/gormstore/store.go:1259.82,1261.3 1 0
eregen.dev/admin-api/internal/store/gormstore/store.go:1262.2,1262.275 1 0
eregen.dev/admin-api/internal/store/gormstore/store.go:1265.94,1267.91 2 0
eregen.dev/admin-api/internal/store/gormstore/store.go:1267.91,1268.45 1 0
eregen.dev/admin-api/internal/store/gormstore/store.go:1268.45,1270.4 1 0
eregen.dev/admin-api/internal/store/gormstore/store.go:1271.3,1271.18 1 0
eregen.dev/admin-api/internal/store/gormstore/store.go:1273.2,1273.275 1 0
eregen.dev/admin-api/internal/store/gormstore/store.go:1276.124,1279.25 3 0
eregen.dev/admin-api/internal/store/gormstore/store.go:1279.25,1281.3 1 0
eregen.dev/admin-api/internal/store/gormstore/store.go:1282.2,1282.18 1 0
eregen.dev/admin-api/internal/store/gormstore/store.go:1282.18,1284.3 1 0
eregen.dev/admin-api/internal/store/gormstore/store.go:1285.2,1286.51 2 0
eregen.dev/admin-api/internal/store/gormstore/store.go:1286.51,1288.3 1 0
eregen.dev/admin-api/internal/store/gormstore/store.go:1289.2,1290.28 2 0
eregen.dev/admin-api/internal/store/gormstore/store.go:1290.28,1292.3 1 0
eregen.dev/admin-api/internal/store/gormstore/store.go:1293.2,1293.20 1 0
eregen.dev/admin-api/internal/store/gormstore/store.go:1296.92,1297.23 1 0
eregen.dev/admin-api/internal/store/gormstore/store.go:1297.23,1299.3 1 0
eregen.dev/admin-api/internal/store/gormstore/store.go:1300.2,1300.97 1 0
eregen.dev/admin-api/internal/store/gormstore/store.go:1303.68,1305.2 1 0
eregen.dev/admin-api/internal/store/gormstore/store.go:1309.83,1314.2 4 0
eregen.dev/admin-api/internal/store/gormstore/store.go:1316.123,1318.126 2 0
eregen.dev/admin-api/internal/store/gormstore/store.go:1318.126,1319.45 1 0
eregen.dev/admin-api/internal/store/gormstore/store.go:1319.45,1321.4 1 0
eregen.dev/admin-api/internal/store/gormstore/store.go:1322.3,1322.49 1 0
eregen.dev/admin-api/internal/store/gormstore/store.go:1324.2,1324.887 1 0
eregen.dev/admin-api/internal/store/gormstore/store.go:1327.109,1329.128 2 0
eregen.dev/admin-api/internal/store/gormstore/store.go:1329.128,1331.3 1 0
eregen.dev/admin-api/internal/store/gormstore/store.go:1332.2,1333.29 2 0
eregen.dev/admin-api/internal/store/gormstore/store.go:1333.29,1335.3 1 0
eregen.dev/admin-api/internal/store/gormstore/store.go:1336.2,1336.20 1 0
eregen.dev/admin-api/internal/store/gormstore/store.go:1339.83,1342.2 2 0
eregen.dev/admin-api/internal/store/gormstore/store.go:1346.95,1349.25 3 0
eregen.dev/admin-api/internal/store/gormstore/store.go:1349.25,1353.3 3 0
eregen.dev/admin-api/internal/store/gormstore/store.go:1354.2,1355.48 2 0
eregen.dev/admin-api/internal/store/gormstore/store.go:1358.93,1360.2 1 0
eregen.dev/admin-api/internal/store/gormstore/store.go:1362.111,1364.97 2 0
eregen.dev/admin-api/internal/store/gormstore/store.go:1364.97,1366.3 1 0
eregen.dev/admin-api/internal/store/gormstore/store.go:1367.2,1368.25 2 0
eregen.dev/admin-api/internal/store/gormstore/store.go:1368.25,1370.3 1 0
eregen.dev/admin-api/internal/store/gormstore/store.go:1371.2,1371.20 1 0
eregen.dev/admin-api/internal/store/gormstore/store.go:1376.131,1378.126 2 0
eregen.dev/admin-api/internal/store/gormstore/store.go:1378.126,1380.3 1 0
eregen.dev/admin-api/internal/store/gormstore/store.go:1381.2,1381.75 1 0
eregen.dev/admin-api/internal/store/gormstore/store.go:1384.114,1387.44 3 0
eregen.dev/admin-api/internal/store/gormstore/store.go:1387.44,1389.3 1 0
eregen.dev/admin-api/internal/store/gormstore/store.go:1390.2,1390.23 1 0
eregen.dev/admin-api/internal/store/gormstore/store.go:1393.121,1394.186 1 0
eregen.dev/admin-api/internal/store/gormstore/store.go:1394.186,1396.3 1 0
eregen.dev/admin-api/internal/store/gormstore/store.go:1397.2,1397.170 1 0
eregen.dev/admin-api/internal/store/gormstore/store.go:1400.28,1401.7 1 0
eregen.dev/admin-api/internal/store/gormstore/store.go:1401.7,1403.3 1 0
eregen.dev/admin-api/internal/store/gormstore/store.go:1404.2,1404.10 1 0
eregen.dev/admin-api/internal/store/gormstore/store.go:1407.26,1409.2 1 0
eregen.dev/admin-api/internal/store/gormstore/store.go:1411.83,1413.22 2 0
eregen.dev/admin-api/internal/store/gormstore/store.go:1413.22,1415.3 1 0
eregen.dev/admin-api/internal/store/gormstore/store.go:1416.2,1416.52 1 0
eregen.dev/admin-api/internal/store/gormstore/store.go:1419.121,1422.30 3 0
eregen.dev/admin-api/internal/store/gormstore/store.go:1422.30,1424.3 1 0
eregen.dev/admin-api/internal/store/gormstore/store.go:1425.2,1425.52 1 0
eregen.dev/admin-api/internal/store/gormstore/store.go:1425.52,1427.3 1 0
eregen.dev/admin-api/internal/store/gormstore/store.go:1428.2,1429.29 2 0
eregen.dev/admin-api/internal/store/gormstore/store.go:1429.29,1431.3 1 0
eregen.dev/admin-api/internal/store/gormstore/store.go:1432.2,1432.20 1 0
eregen.dev/admin-api/internal/store/gormstore/store.go:1435.89,1437.18 2 0
eregen.dev/admin-api/internal/store/gormstore/store.go:1437.18,1439.3 1 0
eregen.dev/admin-api/internal/store/gormstore/store.go:1440.2,1440.48 1 0
eregen.dev/admin-api/internal/store/gormstore/store.go:1443.107,1445.125 2 0
eregen.dev/admin-api/internal/store/gormstore/store.go:1445.125,1447.3 1 0
eregen.dev/admin-api/internal/store/gormstore/store.go:1448.2,1449.26 2 0
eregen.dev/admin-api/internal/store/gormstore/store.go:1449.26,1451.3 1 0
eregen.dev/admin-api/internal/store/gormstore/store.go:1452.2,1452.20 1 0
eregen.dev/admin-api/internal/store/gormstore/store.go:1455.89,1457.18 2 0
eregen.dev/admin-api/internal/store/gormstore/store.go:1457.18,1459.3 1 0
eregen.dev/admin-api/internal/store/gormstore/store.go:1460.2,1460.26 1 0
eregen.dev/admin-api/internal/store/gormstore/store.go:1460.26,1462.3 1 0
eregen.dev/admin-api/internal/store/gormstore/store.go:1463.2,1463.25 1 0
eregen.dev/admin-api/internal/store/gormstore/store.go:1463.25,1465.3 1 0
eregen.dev/admin-api/internal/store/gormstore/store.go:1466.2,1466.48 1 0
eregen.dev/admin-api/internal/store/gormstore/store.go:1469.107,1471.127 2 0
eregen.dev/admin-api/internal/store/gormstore/store.go:1471.127,1473.3 1 0
eregen.dev/admin-api/internal/store/gormstore/store.go:1474.2,1475.26 2 0
eregen.dev/admin-api/internal/store/gormstore/store.go:1475.26,1477.3 1 0
eregen.dev/admin-api/internal/store/gormstore/store.go:1478.2,1478.20 1 0
eregen.dev/admin-api/internal/store/gormstore/store.go:1481.89,1483.18 2 0
eregen.dev/admin-api/internal/store/gormstore/store.go:1483.18,1485.3 1 0
eregen.dev/admin-api/internal/store/gormstore/store.go:1486.2,1486.48 1 0
eregen.dev/admin-api/internal/store/gormstore/store.go:1489.93,1491.18 2 0
eregen.dev/admin-api/internal/store/gormstore/store.go:1491.18,1493.3 1 0
eregen.dev/admin-api/internal/store/gormstore/store.go:1494.2,1494.24 1 0
eregen.dev/admin-api/internal/store/gormstore/store.go:1494.24,1496.3 1 0
eregen.dev/admin-api/internal/store/gormstore/store.go:1497.2,1497.25 1 0
eregen.dev/admin-api/internal/store/gormstore/store.go:1497.25,1499.3 1 0
eregen.dev/admin-api/internal/store/gormstore/store.go:1500.2,1500.48 1 0
eregen.dev/admin-api/internal/store/gormstore/store.go:1503.113,1505.30 2 0
eregen.dev/admin-api/internal/store/gormstore/store.go:1505.30,1507.3 1 0
eregen.dev/admin-api/internal/store/gormstore/store.go:1508.2,1509.49 2 0
eregen.dev/admin-api/internal/store/gormstore/store.go:1509.49,1511.3 1 0
eregen.dev/admin-api/internal/store/gormstore/store.go:1512.2,1513.26 2 0
eregen.dev/admin-api/internal/store/gormstore/store.go:1513.26,1515.25 2 0
eregen.dev/admin-api/internal/store/gormstore/store.go:1515.25,1517.4 1 0
eregen.dev/admin-api/internal/store/gormstore/store.go:1519.2,1519.20 1 0
eregen.dev/admin-api/internal/store/gormstore/store.go:1522.88,1524.2 1 0
eregen.dev/admin-api/internal/store/gormstore/store.go:1526.105,1534.2 7 0
eregen.dev/admin-api/internal/store/gormstore/store.go:1536.99,1541.21 5 0
eregen.dev/admin-api/internal/store/gormstore/store.go:1541.21,1543.3 1 0
eregen.dev/admin-api/internal/store/gormstore/store.go:1543.8,1545.3 1 0
eregen.dev/admin-api/internal/store/gormstore/store.go:1546.2,1561.23 16 0
eregen.dev/admin-api/internal/store/gormstore/store.go:1564.97,1566.18 2 0
eregen.dev/admin-api/internal/store/gormstore/store.go:1566.18,1568.3 1 0
eregen.dev/admin-api/internal/store/gormstore/store.go:1569.2,1569.48 1 0
eregen.dev/admin-api/internal/store/gormstore/store.go:1572.97,1574.87 2 0
eregen.dev/admin-api/internal/store/gormstore/store.go:1574.87,1576.3 1 0
eregen.dev/admin-api/internal/store/gormstore/store.go:1577.2,1578.26 2 0
eregen.dev/admin-api/internal/store/gormstore/store.go:1578.26,1580.3 1 0
eregen.dev/admin-api/internal/store/gormstore/store.go:1581.2,1581.20 1 0
eregen.dev/admin-api/internal/store/gormstore/store.go:1584.90,1585.16 1 0
eregen.dev/admin-api/internal/store/gormstore/store.go:1585.16,1587.3 1 0
eregen.dev/admin-api/internal/store/gormstore/store.go:1588.2,1590.274 3 0
eregen.dev/admin-api/internal/store/gormstore/store.go:1590.274,1590.300 1 0
eregen.dev/admin-api/internal/store/gormstore/store.go:1590.300,1590.325 1 0
eregen.dev/admin-api/internal/store/gormstore/store.go:1590.327,1590.335 1 0
eregen.dev/admin-api/internal/store/gormstore/store.go:1590.460,1590.492 1 0
eregen.dev/admin-api/internal/store/gormstore/store.go:1590.492,1590.523 1 0
eregen.dev/admin-api/internal/store/gormstore/store.go:1590.525,1590.533 1 0
eregen.dev/admin-api/internal/store/gormstore/store.go:1591.2,1591.48 1 0
eregen.dev/admin-api/internal/store/gormstore/store.go:1594.98,1596.84 2 0
eregen.dev/admin-api/internal/store/gormstore/store.go:1596.84,1598.3 1 0
eregen.dev/admin-api/internal/store/gormstore/store.go:1599.2,1599.420 1 0
eregen.dev/admin-api/internal/store/gormstore/store.go:1602.125,1604.18 2 0
eregen.dev/admin-api/internal/store/gormstore/store.go:1604.18,1606.3 1 0
eregen.dev/admin-api/internal/store/gormstore/store.go:1607.2,1607.30 1 0
eregen.dev/admin-api/internal/store/gormstore/store.go:1607.30,1609.3 1 0
eregen.dev/admin-api/internal/store/gormstore/store.go:1610.2,1611.49 2 0
eregen.dev/admin-api/internal/store/gormstore/store.go:1611.49,1613.3 1 0
eregen.dev/admin-api/internal/store/gormstore/store.go:1614.2,1615.26 2 0
eregen.dev/admin-api/internal/store/gormstore/store.go:1615.26,1617.3 1 0
eregen.dev/admin-api/internal/store/gormstore/store.go:1618.2,1618.20 1 0
eregen.dev/admin-api/internal/store/gormstore/store.go:1621.90,1624.2 2 0
eregen.dev/admin-api/internal/store/gormstore/store.go:1626.76,1628.2 1 0
eregen.dev/admin-api/internal/store/gormstore/store.go:1630.101,1631.24 1 0
eregen.dev/admin-api/internal/store/gormstore/store.go:1631.24,1633.17 2 0
eregen.dev/admin-api/internal/store/gormstore/store.go:1633.17,1635.4 1 0
eregen.dev/admin-api/internal/store/gormstore/store.go:1636.3,1638.275 3 0
eregen.dev/admin-api/internal/store/gormstore/store.go:1638.275,1638.301 1 0
eregen.dev/admin-api/internal/store/gormstore/store.go:1638.301,1638.326 1 0
eregen.dev/admin-api/internal/store/gormstore/store.go:1638.328,1638.336 1 0
eregen.dev/admin-api/internal/store/gormstore/store.go:1639.3,1639.63 1 0
eregen.dev/admin-api/internal/store/gormstore/store.go:1639.63,1641.4 1 0
eregen.dev/admin-api/internal/store/gormstore/store.go:1643.2,1643.12 1 0
eregen.dev/admin-api/internal/store/gormstore/store.go:1646.97,1665.2 18 0
eregen.dev/admin-api/internal/store/gormstore/store.go:1667.101,1668.16 1 0
eregen.dev/admin-api/internal/store/gormstore/store.go:1668.16,1670.3 1 0
eregen.dev/admin-api/internal/store/gormstore/store.go:1671.2,1674.48 4 0
eregen.dev/admin-api/internal/store/gormstore/store.go:1677.115,1679.97 2 0
eregen.dev/admin-api/internal/store/gormstore/store.go:1679.97,1681.3 1 0
eregen.dev/admin-api/internal/store/gormstore/store.go:1682.2,1682.231 1 0
eregen.dev/admin-api/internal/store/gormstore/store.go:1685.136,1687.18 2 0
eregen.dev/admin-api/internal/store/gormstore/store.go:1687.18,1689.3 1 0
eregen.dev/admin-api/internal/store/gormstore/store.go:1690.2,1690.30 1 0
eregen.dev/admin-api/internal/store/gormstore/store.go:1690.30,1692.3 1 0
eregen.dev/admin-api/internal/store/gormstore/store.go:1693.2,1694.49 2 0
eregen.dev/admin-api/internal/store/gormstore/store.go:1694.49,1696.3 1 0
eregen.dev/admin-api/internal/store/gormstore/store.go:1697.2,1698.26 2 0
eregen.dev/admin-api/internal/store/gormstore/store.go:1698.26,1700.3 1 0
eregen.dev/admin-api/internal/store/gormstore/store.go:1701.2,1701.20 1 0
eregen.dev/admin-api/internal/store/gormstore/store.go:1704.101,1707.2 2 0
eregen.dev/admin-api/internal/store/gormstore/store.go:1709.95,1713.2 3 0
eregen.dev/admin-api/internal/store/gormstore/store.go:1715.89,1717.2 1 0
eregen.dev/admin-api/internal/store/gormstore/store.go:1719.103,1720.16 1 0
eregen.dev/admin-api/internal/store/gormstore/store.go:1720.16,1722.3 1 0
eregen.dev/admin-api/internal/store/gormstore/store.go:1723.2,1726.48 4 0
eregen.dev/admin-api/internal/store/gormstore/store.go:1729.103,1732.2 2 0
eregen.dev/admin-api/internal/store/gormstore/store.go:1734.103,1736.87 2 0
eregen.dev/admin-api/internal/store/gormstore/store.go:1736.87,1738.3 1 0
eregen.dev/admin-api/internal/store/gormstore/store.go:1739.2,1740.26 2 0
eregen.dev/admin-api/internal/store/gormstore/store.go:1740.26,1742.3 1 0
eregen.dev/admin-api/internal/store/gormstore/store.go:1743.2,1743.20 1 0
eregen.dev/admin-api/internal/store/gormstore/store.go:1746.116,1748.95 2 0
eregen.dev/admin-api/internal/store/gormstore/store.go:1748.95,1750.3 1 0
eregen.dev/admin-api/internal/store/gormstore/store.go:1751.2,1751.220 1 0
eregen.dev/admin-api/internal/store/gormstore/store.go:1754.93,1755.16 1 0
eregen.dev/admin-api/internal/store/gormstore/store.go:1755.16,1757.3 1 0
eregen.dev/admin-api/internal/store/gormstore/store.go:1758.2,1760.48 3 0
eregen.dev/admin-api/internal/store/gormstore/store.go:1763.86,1765.2 1 0
eregen.dev/admin-api/internal/store/gormstore/store.go:1767.114,1769.119 2 0
eregen.dev/admin-api/internal/store/gormstore/store.go:1769.119,1771.3 1 0
eregen.dev/admin-api/internal/store/gormstore/store.go:1772.2,1773.26 2 0
eregen.dev/admin-api/internal/store/gormstore/store.go:1773.26,1775.3 1 0
eregen.dev/admin-api/internal/store/gormstore/store.go:1776.2,1776.20 1 0
eregen.dev/admin-api/internal/store/gormstore/store.go:1779.95,1780.16 1 0
eregen.dev/admin-api/internal/store/gormstore/store.go:1780.16,1782.3 1 0
eregen.dev/admin-api/internal/store/gormstore/store.go:1783.2,1785.48 3 0
eregen.dev/admin-api/internal/store/gormstore/store.go:1788.151,1790.19 2 0
eregen.dev/admin-api/internal/store/gormstore/store.go:1790.19,1792.3 1 0
eregen.dev/admin-api/internal/store/gormstore/store.go:1793.2,1793.18 1 0
eregen.dev/admin-api/internal/store/gormstore/store.go:1793.18,1795.3 1 0
eregen.dev/admin-api/internal/store/gormstore/store.go:1796.2,1796.22 1 0
eregen.dev/admin-api/internal/store/gormstore/store.go:1796.22,1798.3 1 0
eregen.dev/admin-api/internal/store/gormstore/store.go:1799.2,1799.30 1 0
eregen.dev/admin-api/internal/store/gormstore/store.go:1799.30,1801.3 1 0
eregen.dev/admin-api/internal/store/gormstore/store.go:1802.2,1803.49 2 0
eregen.dev/admin-api/internal/store/gormstore/store.go:1803.49,1805.3 1 0
eregen.dev/admin-api/internal/store/gormstore/store.go:1806.2,1807.26 2 0
eregen.dev/admin-api/internal/store/gormstore/store.go:1807.26,1809.3 1 0
eregen.dev/admin-api/internal/store/gormstore/store.go:1810.2,1810.20 1 0
eregen.dev/admin-api/internal/store/gormstore/store.go:1813.117,1815.144 2 0
eregen.dev/admin-api/internal/store/gormstore/store.go:1815.144,1817.3 1 0
eregen.dev/admin-api/internal/store/gormstore/store.go:1818.2,1818.356 1 0
eregen.dev/admin-api/internal/store/gormstore/store.go:1821.93,1822.16 1 0
eregen.dev/admin-api/internal/store/gormstore/store.go:1822.16,1824.3 1 0
eregen.dev/admin-api/internal/store/gormstore/store.go:1825.2,1827.48 3 0
eregen.dev/admin-api/internal/store/gormstore/store.go:1830.137,1832.19 2 0
eregen.dev/admin-api/internal/store/gormstore/store.go:1832.19,1834.3 1 0
eregen.dev/admin-api/internal/store/gormstore/store.go:1835.2,1835.18 1 0
eregen.dev/admin-api/internal/store/gormstore/store.go:1835.18,1837.3 1 0
eregen.dev/admin-api/internal/store/gormstore/store.go:1838.2,1838.30 1 0
eregen.dev/admin-api/internal/store/gormstore/store.go:1838.30,1840.3 1 0
eregen.dev/admin-api/internal/store/gormstore/store.go:1841.2,1842.49 2 0
eregen.dev/admin-api/internal/store/gormstore/store.go:1842.49,1844.3 1 0
eregen.dev/admin-api/internal/store/gormstore/store.go:1845.2,1846.26 2 0
eregen.dev/admin-api/internal/store/gormstore/store.go:1846.26,1848.3 1 0
eregen.dev/admin-api/internal/store/gormstore/store.go:1849.2,1849.20 1 0
eregen.dev/admin-api/internal/store/gormstore/store.go:1852.95,1853.16 1 0
eregen.dev/admin-api/internal/store/gormstore/store.go:1853.16,1855.3 1 0
eregen.dev/admin-api/internal/store/gormstore/store.go:1856.2,1858.48 3 0
eregen.dev/admin-api/internal/store/gormstore/store.go:1861.114,1863.30 2 0
eregen.dev/admin-api/internal/store/gormstore/store.go:1863.30,1865.3 1 0
eregen.dev/admin-api/internal/store/gormstore/store.go:1866.2,1867.49 2 0
eregen.dev/admin-api/internal/store/gormstore/store.go:1867.49,1869.3 1 0
eregen.dev/admin-api/internal/store/gormstore/store.go:1870.2,1871.26 2 0
eregen.dev/admin-api/internal/store/gormstore/store.go:1871.26,1873.3 1 0
eregen.dev/admin-api/internal/store/gormstore/store.go:1874.2,1874.20 1 0
eregen.dev/admin-api/internal/store/gormstore/store.go:1877.98,1879.89 2 0
eregen.dev/admin-api/internal/store/gormstore/store.go:1879.89,1881.3 1 0
eregen.dev/admin-api/internal/store/gormstore/store.go:1882.2,1882.312 1 0
eregen.dev/admin-api/internal/store/gormstore/store.go:1885.95,1886.16 1 0
eregen.dev/admin-api/internal/store/gormstore/store.go:1886.16,1888.3 1 0
eregen.dev/admin-api/internal/store/gormstore/store.go:1889.2,1891.48 3 0
eregen.dev/admin-api/internal/store/gormstore/store.go:1894.108,1896.26 2 0
eregen.dev/admin-api/internal/store/gormstore/store.go:1896.26,1898.17 2 0
eregen.dev/admin-api/internal/store/gormstore/store.go:1898.17,1900.4 1 0
eregen.dev/admin-api/internal/store/gormstore/store.go:1901.3,1903.65 3 0
eregen.dev/admin-api/internal/store/gormstore/store.go:1903.65,1905.4 1 0
eregen.dev/admin-api/internal/store/gormstore/store.go:1907.2,1907.12 1 0
eregen.dev/admin-api/internal/store/gormstore/store.go:1910.131,1912.19 2 0
eregen.dev/admin-api/internal/store/gormstore/store.go:1912.19,1914.3 1 0
eregen.dev/admin-api/internal/store/gormstore/store.go:1915.2,1915.30 1 0
eregen.dev/admin-api/internal/store/gormstore/store.go:1915.30,1917.3 1 0
eregen.dev/admin-api/internal/store/gormstore/store.go:1918.2,1919.49 2 0
eregen.dev/admin-api/internal/store/gormstore/store.go:1919.49,1921.3 1 0
eregen.dev/admin-api/internal/store/gormstore/store.go:1922.2,1923.26 2 0
eregen.dev/admin-api/internal/store/gormstore/store.go:1923.26,1925.3 1 0
eregen.dev/admin-api/internal/store/gormstore/store.go:1926.2,1926.20 1 0
eregen.dev/admin-api/internal/store/gormstore/store.go:1929.110,1931.2 1 0
eregen.dev/admin-api/internal/store/gormstore/store.go:1933.74,1937.2 3 0
eregen.dev/admin-api/internal/store/gormstore/store.go:1939.137,1941.17 2 0
eregen.dev/admin-api/internal/store/gormstore/store.go:1941.17,1943.3 1 0
eregen.dev/admin-api/internal/store/gormstore/store.go:1944.2,1945.74 2 0
eregen.dev/admin-api/internal/store/gormstore/store.go:1945.74,1947.3 1 0
eregen.dev/admin-api/internal/store/gormstore/store.go:1948.2,1949.26 2 0
eregen.dev/admin-api/internal/store/gormstore/store.go:1949.26,1960.3 1 0
eregen.dev/admin-api/internal/store/gormstore/store.go:1961.2,1961.20 1 0
eregen.dev/admin-api/internal/store/gormstore/store.go:1964.95,1975.18 2 0
eregen.dev/admin-api/internal/store/gormstore/store.go:1975.18,1977.3 1 0
eregen.dev/admin-api/internal/store/gormstore/store.go:1978.2,1978.48 1 0
eregen.dev/admin-api/internal/store/gormstore/store.go:1981.102,1982.23 1 0
eregen.dev/admin-api/internal/store/gormstore/store.go:1982.23,1984.3 1 0
eregen.dev/admin-api/internal/store/gormstore/store.go:1985.2,1986.107 2 0
eregen.dev/admin-api/internal/store/gormstore/store.go:1989.78,1991.2 1 0
eregen.dev/admin-api/internal/store/gormstore/store.go:1993.100,2000.18 2 0
eregen.dev/admin-api/internal/store/gormstore/store.go:2000.18,2002.3 1 0
eregen.dev/admin-api/internal/store/gormstore/store.go:2003.2,2003.48 1 0
eregen.dev/admin-api/internal/store/gormstore/store.go:2006.155,2008.17 2 0
eregen.dev/admin-api/internal/store/gormstore/store.go:2008.17,2010.3 1 0
eregen.dev/admin-api/internal/store/gormstore/store.go:2011.2,2011.15 1 0
eregen.dev/admin-api/internal/store/gormstore/store.go:2011.15,2013.3 1 0
eregen.dev/admin-api/internal/store/gormstore/store.go:2014.2,2016.49 3 0
eregen.dev/admin-api/internal/store/gormstore/store.go:2016.49,2018.3 1 0
eregen.dev/admin-api/internal/store/gormstore/store.go:2019.2,2020.26 2 0
eregen.dev/admin-api/internal/store/gormstore/store.go:2020.26,2027.3 1 0
eregen.dev/admin-api/internal/store/gormstore/store.go:2028.2,2028.20 1 0
eregen.dev/admin-api/internal/store/gormstore/store.go:2031.89,2041.2 4 0
eregen.dev/admin-api/internal/store/gormstore/store.go:2043.98,2045.119 2 0
eregen.dev/admin-api/internal/store/gormstore/store.go:2045.119,2047.3 1 0
eregen.dev/admin-api/internal/store/gormstore/store.go:2048.2,2049.26 2 0
eregen.dev/admin-api/internal/store/gormstore/store.go:2049.26,2055.3 1 0
eregen.dev/admin-api/internal/store/gormstore/store.go:2056.2,2056.20 1 0
eregen.dev/admin-api/internal/store/gormstore/store.go:2059.117,2061.146 2 0
eregen.dev/admin-api/internal/store/gormstore/store.go:2061.146,2063.3 1 0
[...]
eregen.dev/admin-api/internal/store/sqlite_person_medication.go:196.2,199.18 3 0
eregen.dev/admin-api/internal/store/sqlite_person_medication.go:199.18,203.82 3 0
eregen.dev/admin-api/internal/store/sqlite_person_medication.go:203.82,205.4 1 0
eregen.dev/admin-api/internal/store/sqlite_person_medication.go:206.3,206.23 1 0
eregen.dev/admin-api/internal/store/sqlite_person_medication.go:206.23,209.4 2 0
eregen.dev/admin-api/internal/store/sqlite_person_medication.go:210.3,210.33 1 0
eregen.dev/admin-api/internal/store/sqlite_person_medication.go:212.2,212.29 1 0
eregen.dev/admin-api/internal/store/sqlite_person_medication.go:215.79,218.2 2 0
eregen.dev/admin-api/internal/store/sqlite_person_medication.go:220.118,226.26 3 0
eregen.dev/admin-api/internal/store/sqlite_person_medication.go:226.26,228.3 1 0
eregen.dev/admin-api/internal/store/sqlite_person_medication.go:229.2,229.16 1 0
eregen.dev/admin-api/internal/store/sqlite_person_medication.go:229.16,231.3 1 0
eregen.dev/admin-api/internal/store/sqlite_person_medication.go:232.2,232.19 1 0
eregen.dev/admin-api/internal/store/sqlite_person_medication.go:237.86,251.2 5 0
eregen.dev/admin-api/internal/store/sqlite_person_medication.go:253.38,254.14 1 0
eregen.dev/admin-api/internal/store/sqlite_person_medication.go:254.14,256.3 1 0
eregen.dev/admin-api/internal/store/sqlite_person_medication.go:257.2,257.11 1 0
eregen.dev/admin-api/internal/store/sqlite_person_medication.go:260.94,274.26 5 0
eregen.dev/admin-api/internal/store/sqlite_person_medication.go:274.26,276.3 1 0
eregen.dev/admin-api/internal/store/sqlite_person_medication.go:277.2,277.16 1 0
eregen.dev/admin-api/internal/store/sqlite_person_medication.go:277.16,279.3 1 0
eregen.dev/admin-api/internal/store/sqlite_person_medication.go:280.2,284.16 5 0
eregen.dev/admin-api/internal/store/sqlite_person_medication.go:287.113,291.17 4 0
eregen.dev/admin-api/internal/store/sqlite_person_medication.go:291.17,298.3 1 0
eregen.dev/admin-api/internal/store/sqlite_person_medication.go:298.8,305.3 1 0
eregen.dev/admin-api/internal/store/sqlite_person_medication.go:306.2,306.16 1 0
eregen.dev/admin-api/internal/store/sqlite_person_medication.go:306.16,308.3 1 0
eregen.dev/admin-api/internal/store/sqlite_person_medication.go:309.2,311.18 2 0
eregen.dev/admin-api/internal/store/sqlite_person_medication.go:311.18,318.72 4 0
eregen.dev/admin-api/internal/store/sqlite_person_medication.go:318.72,320.4 1 0
eregen.dev/admin-api/internal/store/sqlite_person_medication.go:321.3,325.27 5 0
eregen.dev/admin-api/internal/store/sqlite_person_medication.go:327.2,327.26 1 0
eregen.dev/admin-api/internal/store/sqlite_person_medication.go:330.101,331.23 1 0
eregen.dev/admin-api/internal/store/sqlite_person_medication.go:331.23,333.3 1 0
eregen.dev/admin-api/internal/store/sqlite_person_medication.go:334.2,336.28 3 0
eregen.dev/admin-api/internal/store/sqlite_person_medication.go:336.28,339.3 2 0
eregen.dev/admin-api/internal/store/sqlite_person_medication.go:340.2,344.12 3 0
eregen.dev/admin-api/internal/store/sqlite_person_medication.go:347.77,350.2 2 0
eregen.dev/admin-api/internal/store/sqlite_person_medication.go:354.96,373.2 4 0
eregen.dev/admin-api/internal/store/sqlite_person_medication.go:375.41,376.14 1 0
eregen.dev/admin-api/internal/store/sqlite_person_medication.go:376.14,378.3 1 0
eregen.dev/admin-api/internal/store/sqlite_person_medication.go:379.2,379.11 1 0
eregen.dev/admin-api/internal/store/sqlite_person_medication.go:381.47,382.14 1 0
eregen.dev/admin-api/internal/store/sqlite_person_medication.go:382.14,384.3 1 0
eregen.dev/admin-api/internal/store/sqlite_person_medication.go:385.2,385.11 1 0
eregen.dev/admin-api/internal/store/sqlite_person_medication.go:387.45,388.14 1 0
eregen.dev/admin-api/internal/store/sqlite_person_medication.go:388.14,390.3 1 0
eregen.dev/admin-api/internal/store/sqlite_person_medication.go:391.2,391.11 1 0
eregen.dev/admin-api/internal/store/sqlite_person_medication.go:394.170,403.17 3 0
eregen.dev/admin-api/internal/store/sqlite_person_medication.go:403.17,406.3 2 0
eregen.dev/admin-api/internal/store/sqlite_person_medication.go:407.2,407.22 1 0
eregen.dev/admin-api/internal/store/sqlite_person_medication.go:407.22,410.3 2 0
eregen.dev/admin-api/internal/store/sqlite_person_medication.go:411.2,415.16 4 0
eregen.dev/admin-api/internal/store/sqlite_person_medication.go:415.16,417.3 1 0
eregen.dev/admin-api/internal/store/sqlite_person_medication.go:418.2,421.18 3 0
eregen.dev/admin-api/internal/store/sqlite_person_medication.go:421.18,428.94 3 0
eregen.dev/admin-api/internal/store/sqlite_person_medication.go:428.94,430.4 1 0
eregen.dev/admin-api/internal/store/sqlite_person_medication.go:431.3,431.24 1 0
eregen.dev/admin-api/internal/store/sqlite_person_medication.go:431.24,433.4 1 0
eregen.dev/admin-api/internal/store/sqlite_person_medication.go:434.3,434.26 1 0
eregen.dev/admin-api/internal/store/sqlite_person_medication.go:434.26,435.85 1 0
eregen.dev/admin-api/internal/store/sqlite_person_medication.go:435.85,437.5 1 0
eregen.dev/admin-api/internal/store/sqlite_person_medication.go:439.3,439.25 1 0
eregen.dev/admin-api/internal/store/sqlite_person_medication.go:439.25,440.84 1 0
eregen.dev/admin-api/internal/store/sqlite_person_medication.go:440.84,442.5 1 0
eregen.dev/admin-api/internal/store/sqlite_person_medication.go:444.3,444.31 1 0
eregen.dev/admin-api/internal/store/sqlite_person_medication.go:446.2,446.28 1 0
eregen.dev/admin-api/internal/store/sqlite_person_medication.go:449.143,467.26 9 0
eregen.dev/admin-api/internal/store/sqlite_person_medication.go:467.26,469.3 1 0
eregen.dev/admin-api/internal/store/sqlite_person_medication.go:470.2,470.16 1 0
eregen.dev/admin-api/internal/store/sqlite_person_medication.go:470.16,472.3 1 0
eregen.dev/admin-api/internal/store/sqlite_person_medication.go:473.2,482.25 10 0
eregen.dev/admin-api/internal/store/sqlite_person_medication.go:482.25,485.3 2 0
eregen.dev/admin-api/internal/store/sqlite_person_medication.go:486.2,486.17 1 0
eregen.dev/admin-api/internal/store/sqlite_person_medication.go:489.103,510.2 3 0
eregen.dev/admin-api/internal/store/sqlite_person_medication.go:514.98,526.2 5 0
eregen.dev/admin-api/internal/store/sqlite_person_medication.go:528.143,533.17 3 0
eregen.dev/admin-api/internal/store/sqlite_person_medication.go:533.17,535.3 1 0
eregen.dev/admin-api/internal/store/sqlite_person_medication.go:536.2,539.16 3 0
eregen.dev/admin-api/internal/store/sqlite_person_medication.go:539.16,541.3 1 0
eregen.dev/admin-api/internal/store/sqlite_person_medication.go:542.2,545.18 3 0
eregen.dev/admin-api/internal/store/sqlite_person_medication.go:545.18,549.69 2 0
eregen.dev/admin-api/internal/store/sqlite_person_medication.go:549.69,551.4 1 0
eregen.dev/admin-api/internal/store/sqlite_person_medication.go:552.3,552.27 1 0
eregen.dev/admin-api/internal/store/sqlite_person_medication.go:554.2,554.26 1 0
eregen.dev/admin-api/internal/store/sqlite_person_medication.go:557.173,559.16 2 0
eregen.dev/admin-api/internal/store/sqlite_person_medication.go:559.16,561.3 1 0
eregen.dev/admin-api/internal/store/sqlite_person_medication.go:564.2,565.26 2 0
eregen.dev/admin-api/internal/store/sqlite_person_medication.go:565.26,570.3 1 0
eregen.dev/admin-api/internal/store/sqlite_person_medication.go:571.2,571.21 1 0
eregen.dev/admin-api/internal/store/sqlite_person_medication.go:574.106,584.2 4 0
eregen.dev/admin-api/internal/store/sqlite_person_medication.go:586.162,592.16 2 0
eregen.dev/admin-api/internal/store/sqlite_person_medication.go:592.16,594.3 1 0
eregen.dev/admin-api/internal/store/sqlite_person_medication.go:595.2,598.18 3 0
eregen.dev/admin-api/internal/store/sqlite_person_medication.go:598.18,602.95 3 0
eregen.dev/admin-api/internal/store/sqlite_person_medication.go:602.95,604.4 1 0
eregen.dev/admin-api/internal/store/sqlite_person_medication.go:605.3,606.37 2 0
eregen.dev/admin-api/internal/store/sqlite_person_medication.go:608.2,608.31 1 0
eregen.dev/admin-api/internal/store/sqlite_person_medication.go:613.102,622.2 4 0
eregen.dev/admin-api/internal/store/sqlite_person_medication.go:624.129,628.16 2 0
eregen.dev/admin-api/internal/store/sqlite_person_medication.go:628.16,630.3 1 0
eregen.dev/admin-api/internal/store/sqlite_person_medication.go:631.2,634.18 3 0
eregen.dev/admin-api/internal/store/sqlite_person_medication.go:634.18,637.62 2 0
eregen.dev/admin-api/internal/store/sqlite_person_medication.go:637.62,639.4 1 0
eregen.dev/admin-api/internal/store/sqlite_person_medication.go:640.3,640.35 1 0
eregen.dev/admin-api/internal/store/sqlite_person_medication.go:642.2,642.30 1 0
eregen.dev/admin-api/internal/store/sqlite_person_medication.go:645.86,649.20 4 0
eregen.dev/admin-api/internal/store/sqlite_person_medication.go:649.20,651.3 1 0
eregen.dev/admin-api/internal/store/sqlite_person_medication.go:654.2,686.12 6 0
eregen.dev/admin-api/internal/store/sqlite_person_medication.go:689.141,695.16 2 0
eregen.dev/admin-api/internal/store/sqlite_person_medication.go:695.16,697.3 1 0
eregen.dev/admin-api/internal/store/sqlite_person_medication.go:698.2,701.18 3 0
eregen.dev/admin-api/internal/store/sqlite_person_medication.go:701.18,705.96 3 0
eregen.dev/admin-api/internal/store/sqlite_person_medication.go:705.96,707.4 1 0
eregen.dev/admin-api/internal/store/sqlite_person_medication.go:708.3,711.31 4 0
eregen.dev/admin-api/internal/store/sqlite_person_medication.go:713.2,713.28 1 0
eregen.dev/admin-api/internal/store/sqlite_person_medication.go:718.96,729.2 5 0
eregen.dev/admin-api/internal/store/sqlite_person_medication.go:731.123,736.16 2 0
eregen.dev/admin-api/internal/store/sqlite_person_medication.go:736.16,738.3 1 0
eregen.dev/admin-api/internal/store/sqlite_person_medication.go:739.2,742.18 3 0
eregen.dev/admin-api/internal/store/sqlite_person_medication.go:742.18,746.44 2 0
eregen.dev/admin-api/internal/store/sqlite_person_medication.go:746.44,748.4 1 0
eregen.dev/admin-api/internal/store/sqlite_person_medication.go:749.3,749.27 1 0
eregen.dev/admin-api/internal/store/sqlite_person_medication.go:751.2,751.26 1 0
eregen.dev/admin-api/internal/store/sqlite_person_medication.go:754.129,765.18 2 0
eregen.dev/admin-api/internal/store/sqlite_person_medication.go:766.15,773.34 3 0
eregen.dev/admin-api/internal/store/sqlite_person_medication.go:773.34,776.4 2 0
eregen.dev/admin-api/internal/store/sqlite_person_medication.go:778.15,783.40 3 0
eregen.dev/admin-api/internal/store/sqlite_person_medication.go:783.40,786.4 2 0
eregen.dev/admin-api/internal/store/sqlite_person_medication.go:788.15,795.36 3 0
eregen.dev/admin-api/internal/store/sqlite_person_medication.go:795.36,798.4 2 0
eregen.dev/admin-api/internal/store/sqlite_person_medication.go:801.2,806.19 2 0
eregen.dev/admin-api/internal/store/sqlite_person_medication.go:809.126,815.16 2 0
eregen.dev/admin-api/internal/store/sqlite_person_medication.go:815.16,817.3 1 0
eregen.dev/admin-api/internal/store/sqlite_person_medication.go:818.2,821.18 3 0
eregen.dev/admin-api/internal/store/sqlite_person_medication.go:821.18,826.46 3 0
eregen.dev/admin-api/internal/store/sqlite_person_medication.go:826.46,828.4 1 0
eregen.dev/admin-api/internal/store/sqlite_person_medication.go:829.3,829.26 1 0
eregen.dev/admin-api/internal/store/sqlite_person_medication.go:829.26,832.4 2 0
eregen.dev/admin-api/internal/store/sqlite_person_medication.go:833.3,833.29 1 0
eregen.dev/admin-api/internal/store/sqlite_person_medication.go:835.2,835.27 1 0
eregen.dev/admin-api/internal/store/sqlite_person_medication.go:838.126,844.2 2 0
eregen.dev/admin-api/internal/store/sqlite_person_medication.go:848.91,859.2 5 0
eregen.dev/admin-api/internal/store/sqlite_person_medication.go:861.138,866.17 3 0
eregen.dev/admin-api/internal/store/sqlite_person_medication.go:866.17,869.3 2 0
eregen.dev/admin-api/internal/store/sqlite_person_medication.go:870.2,873.16 3 0
eregen.dev/admin-api/internal/store/sqlite_person_medication.go:873.16,875.3 1 0
eregen.dev/admin-api/internal/store/sqlite_person_medication.go:876.2,879.18 3 0
eregen.dev/admin-api/internal/store/sqlite_person_medication.go:879.18,884.60 4 0
eregen.dev/admin-api/internal/store/sqlite_person_medication.go:884.60,886.4 1 0
eregen.dev/admin-api/internal/store/sqlite_person_medication.go:887.3,887.23 1 0
eregen.dev/admin-api/internal/store/sqlite_person_medication.go:887.23,890.4 2 0
eregen.dev/admin-api/internal/store/sqlite_person_medication.go:891.3,892.74 2 0
eregen.dev/admin-api/internal/store/sqlite_person_medication.go:892.74,894.4 1 0
eregen.dev/admin-api/internal/store/sqlite_person_medication.go:895.3,895.33 1 0
eregen.dev/admin-api/internal/store/sqlite_person_medication.go:897.2,897.29 1 0
eregen.dev/admin-api/internal/store/sqlite_person_medication.go:900.112,908.16 2 0
eregen.dev/admin-api/internal/store/sqlite_person_medication.go:908.16,910.3 1 0
eregen.dev/admin-api/internal/store/sqlite_person_medication.go:911.2,914.18 3 0
eregen.dev/admin-api/internal/store/sqlite_person_medication.go:914.18,917.46 2 0
eregen.dev/admin-api/internal/store/sqlite_person_medication.go:917.46,919.4 1 0
eregen.dev/admin-api/internal/store/sqlite_person_medication.go:920.3,920.31 1 0
eregen.dev/admin-api/internal/store/sqlite_person_medication.go:922.2,922.28 1 0
eregen.dev/admin-api/internal/store/sqlite_person_medication.go:927.108,936.2 4 0
eregen.dev/admin-api/internal/store/sqlite_person_medication.go:938.135,942.16 2 0
eregen.dev/admin-api/internal/store/sqlite_person_medication.go:942.16,944.3 1 0
eregen.dev/admin-api/internal/store/sqlite_person_medication.go:945.2,948.18 3 0
eregen.dev/admin-api/internal/store/sqlite_person_medication.go:948.18,952.60 3 0
eregen.dev/admin-api/internal/store/sqlite_person_medication.go:952.60,954.4 1 0
eregen.dev/admin-api/internal/store/sqlite_person_medication.go:955.3,956.35 2 0
eregen.dev/admin-api/internal/store/sqlite_person_medication.go:958.2,958.30 1 0
eregen.dev/admin-api/internal/store/sqlite_person_medication.go:961.98,971.2 4 0
eregen.dev/admin-api/internal/store/sqlite_person_medication.go:973.131,976.19 3 0
eregen.dev/admin-api/internal/store/sqlite_person_medication.go:976.19,979.3 2 0
eregen.dev/admin-api/internal/store/sqlite_person_medication.go:980.2,980.19 1 0
eregen.dev/admin-api/internal/store/sqlite_person_medication.go:980.19,983.3 2 0
eregen.dev/admin-api/internal/store/sqlite_person_medication.go:984.2,987.12 3 0
eregen.dev/admin-api/internal/store/sqlite_person_medication.go:990.153,996.16 2 0
eregen.dev/admin-api/internal/store/sqlite_person_medication.go:996.16,998.3 1 0
eregen.dev/admin-api/internal/store/sqlite_person_medication.go:999.2,1002.18 3 0
eregen.dev/admin-api/internal/store/sqlite_person_medication.go:1002.18,1006.106 3 0
eregen.dev/admin-api/internal/store/sqlite_person_medication.go:1006.106,1008.4 1 0
eregen.dev/admin-api/internal/store/sqlite_person_medication.go:1009.3,1009.20 1 0
eregen.dev/admin-api/internal/store/sqlite_person_medication.go:1009.20,1012.4 2 0
eregen.dev/admin-api/internal/store/sqlite_person_medication.go:1013.3,1013.20 1 0
eregen.dev/admin-api/internal/store/sqlite_person_medication.go:1013.20,1016.4 2 0
eregen.dev/admin-api/internal/store/sqlite_person_medication.go:1017.3,1017.25 1 0
eregen.dev/admin-api/internal/store/sqlite_person_medication.go:1019.2,1019.25 1 0
eregen.dev/admin-api/internal/store/sqlite_settings.go:14.92,17.40 3 0
eregen.dev/admin-api/internal/store/sqlite_settings.go:17.40,19.3 1 0
eregen.dev/admin-api/internal/store/sqlite_settings.go:20.2,21.17 2 0
eregen.dev/admin-api/internal/store/sqlite_settings.go:21.17,23.3 1 0
eregen.dev/admin-api/internal/store/sqlite_settings.go:24.2,24.19 1 0
eregen.dev/admin-api/internal/store/sqlite_settings.go:24.19,26.3 1 0
eregen.dev/admin-api/internal/store/sqlite_settings.go:27.2,27.20 1 0
eregen.dev/admin-api/internal/store/sqlite_settings.go:31.98,37.2 3 0
eregen.dev/admin-api/internal/store/sqlite_settings.go:40.87,44.16 2 0
eregen.dev/admin-api/internal/store/sqlite_settings.go:44.16,46.3 1 0
eregen.dev/admin-api/internal/store/sqlite_settings.go:47.2,50.18 3 0
eregen.dev/admin-api/internal/store/sqlite_settings.go:50.18,53.106 3 0
eregen.dev/admin-api/internal/store/sqlite_settings.go:53.106,55.4 1 0
eregen.dev/admin-api/internal/store/sqlite_settings.go:56.3,58.29 3 0
eregen.dev/admin-api/internal/store/sqlite_settings.go:60.2,60.27 1 0
eregen.dev/admin-api/internal/store/sqlite_settings.go:64.117,70.2 3 0
eregen.dev/admin-api/internal/store/sqlite_settings.go:73.74,76.2 2 0
eregen.dev/admin-api/internal/store/sqlite_settings.go:79.91,82.2 2 0
eregen.dev/admin-api/internal/store/sqlite_user.go:12.116,18.16 4 1
eregen.dev/admin-api/internal/store/sqlite_user.go:18.16,22.3 3 1
eregen.dev/admin-api/internal/store/sqlite_user.go:23.2,27.16 4 1
eregen.dev/admin-api/internal/store/sqlite_user.go:27.16,29.3 1 0
eregen.dev/admin-api/internal/store/sqlite_user.go:30.2,33.18 3 1
eregen.dev/admin-api/internal/store/sqlite_user.go:33.18,36.87 3 1
eregen.dev/admin-api/internal/store/sqlite_user.go:36.87,38.4 1 0
eregen.dev/admin-api/internal/store/sqlite_user.go:39.3,40.27 2 1
eregen.dev/admin-api/internal/store/sqlite_user.go:42.2,42.26 1 1
eregen.dev/admin-api/internal/store/sqlite_user.go:46.83,49.2 2 1
eregen.dev/admin-api/internal/store/sqlite_user.go:52.114,54.16 2 1
eregen.dev/admin-api/internal/store/sqlite_user.go:54.16,56.3 1 0
eregen.dev/admin-api/internal/store/sqlite_user.go:57.2,61.16 3 1
eregen.dev/admin-api/internal/store/sqlite_user.go:65.98,70.2 2 1
eregen.dev/admin-api/internal/store/sqlite_user.go:73.72,76.2 2 1
eregen.dev/admin-api/internal/store/sqlite_user.go:79.125,82.16 3 1
eregen.dev/admin-api/internal/store/sqlite_user.go:83.15,87.17 2 1
eregen.dev/admin-api/internal/store/sqlite_user.go:87.17,89.4 1 1
eregen.dev/admin-api/internal/store/sqlite_user.go:90.3,90.42 1 1
eregen.dev/admin-api/internal/store/sqlite_user.go:90.42,92.4 1 1
eregen.dev/admin-api/internal/store/sqlite_user.go:93.15,97.17 2 0
eregen.dev/admin-api/internal/store/sqlite_user.go:97.17,99.4 1 0
eregen.dev/admin-api/internal/store/sqlite_user.go:100.3,100.42 1 0
eregen.dev/admin-api/internal/store/sqlite_user.go:100.42,102.4 1 0
eregen.dev/admin-api/internal/store/sqlite_user.go:103.10,104.43 1 0
eregen.dev/admin-api/internal/store/sqlite_user.go:106.2,106.16 1 1
eregen.dev/admin-api/internal/store/sqlite_wristband.go:15.99,24.2 5 0
eregen.dev/admin-api/internal/store/sqlite_wristband.go:27.92,31.16 2 0
eregen.dev/admin-api/internal/store/sqlite_wristband.go:31.16,33.3 1 0
eregen.dev/admin-api/internal/store/sqlite_wristband.go:34.2,36.12 2 0
eregen.dev/admin-api/internal/store/sqlite_wristband.go:40.84,43.16 2 0
eregen.dev/admin-api/internal/store/sqlite_wristband.go:43.16,45.3 1 0
eregen.dev/admin-api/internal/store/sqlite_wristband.go:47.2,49.12 2 0
eregen.dev/admin-api/internal/store/sqlite_wristband.go:53.82,57.2 2 0
eregen.dev/admin-api/internal/store/sqlite_wristband.go:60.134,65.18 4 0
eregen.dev/admin-api/internal/store/sqlite_wristband.go:65.18,69.3 3 0
eregen.dev/admin-api/internal/store/sqlite_wristband.go:70.2,74.16 4 0
eregen.dev/admin-api/internal/store/sqlite_wristband.go:74.16,76.3 1 0
eregen.dev/admin-api/internal/store/sqlite_wristband.go:77.2,80.18 3 0
eregen.dev/admin-api/internal/store/sqlite_wristband.go:80.18,83.135 3 0
eregen.dev/admin-api/internal/store/sqlite_wristband.go:83.135,85.4 1 0
eregen.dev/admin-api/internal/store/sqlite_wristband.go:86.3,88.31 3 0
eregen.dev/admin-api/internal/store/sqlite_wristband.go:90.2,90.28 1 0
eregen.dev/admin-api/internal/store/sqlite_wristband.go:94.98,97.16 3 0
eregen.dev/admin-api/internal/store/sqlite_wristband.go:97.16,98.27 1 0
eregen.dev/admin-api/internal/store/sqlite_wristband.go:98.27,100.4 1 0
eregen.dev/admin-api/internal/store/sqlite_wristband.go:101.3,101.17 1 0
eregen.dev/admin-api/internal/store/sqlite_wristband.go:103.2,103.16 1 0
eregen.dev/admin-api/internal/store/sqlite_wristband.go:107.90,113.2 2 0
